N E X T F L O W  ~  version 21.04.3
Launching `/Users/timbarry/research_code/simulatr-command-line/simulatr.nf` [nice_fermat] - revision: ac50a19436
WARN: Task runtime metrics are not reported when using macOS without a container engine
[69/6f431a] Submitted process > generate_data (grid row: 3)
[4f/074c03] Submitted process > generate_data (grid row: 1)
[a5/3b8ca4] Submitted process > generate_data (grid row: 7)
[00/398752] Submitted process > generate_data (grid row: 6)
[27/a31ec2] Submitted process > generate_data (grid row: 5)
[a5/c77a97] Submitted process > generate_data (grid row: 4)
[73/b6e4ac] Submitted process > generate_data (grid row: 8)
[81/38903d] Submitted process > generate_data (grid row: 2)
[a9/3b5a9a] Submitted process > generate_data (grid row: 10)
[f8/a17faf] Submitted process > generate_data (grid row: 9)
[9a/270b73] Submitted process > generate_data (grid row: 11)
[cf/27cf8f] Submitted process > generate_data (grid row: 12)
[de/07eda4] Submitted process > generate_data (grid row: 13)
[1d/c9b9f9] Submitted process > generate_data (grid row: 14)
[ae/ea95d7] Submitted process > generate_data (grid row: 15)
[1e/fa454a] Submitted process > generate_data (grid row: 18)
[f2/81091f] Submitted process > generate_data (grid row: 17)
[b5/e4cf42] Submitted process > generate_data (grid row: 16)
[1a/6a2a4d] Submitted process > generate_data (grid row: 19)
[2b/52821b] Submitted process > generate_data (grid row: 20)
[ac/ab4321] Submitted process > generate_data (grid row: 21)
[8d/3ee3db] Submitted process > generate_data (grid row: 22)
[12/48306b] Submitted process > generate_data (grid row: 23)
[5c/29d430] Submitted process > generate_data (grid row: 24)
[cb/e55588] Submitted process > run_methods (method: glmeiv_slow; grid row: 2)
WARN: Task runtime metrics are not reported when using macOS without a container engine
[7e/dca82e] Submitted process > run_methods (method: glmeiv_fast; grid row: 2)
[5d/0ac10c] Submitted process > run_methods (method: glmeiv_slow; grid row: 2)
[6f/1262da] Submitted process > run_methods (method: thresholding; grid row: 2)
[e7/bcf131] Submitted process > run_methods (method: glmeiv_fast; grid row: 2)
[b4/1fd2c3] Submitted process > run_methods (method: thresholding; grid row: 2)
[62/223bed] Submitted process > run_methods (method: glmeiv_fast; grid row: 3)
[d1/a498c8] Submitted process > run_methods (method: thresholding; grid row: 3)
[d6/252a5f] Submitted process > run_methods (method: glmeiv_slow; grid row: 3)
[ba/08b024] Submitted process > run_methods (method: glmeiv_fast; grid row: 3)
[b1/460ad2] Submitted process > run_methods (method: thresholding; grid row: 3)
**********
Number of method processes: 144 
**********
[45/97e6e0] Submitted process > run_methods (method: glmeiv_slow; grid row: 3)
[33/c19d80] Submitted process > run_methods (method: glmeiv_slow; grid row: 6)
[20/bec7bc] Submitted process > run_methods (method: glmeiv_fast; grid row: 6)
[78/883d0d] Submitted process > run_methods (method: glmeiv_fast; grid row: 6)
[32/cbacf8] Submitted process > run_methods (method: glmeiv_slow; grid row: 6)
[77/e1e5e1] Submitted process > run_methods (method: glmeiv_slow; grid row: 5)
[2b/774e33] Submitted process > run_methods (method: thresholding; grid row: 6)
[ee/53f20a] Submitted process > run_methods (method: thresholding; grid row: 6)
[58/34b578] Submitted process > run_methods (method: glmeiv_fast; grid row: 5)
WARN: Task runtime metrics are not reported when using macOS without a container engine
[e6/b2d973] Submitted process > run_methods (method: thresholding; grid row: 5)
[b3/b95b76] Submitted process > run_methods (method: glmeiv_fast; grid row: 5)
[a3/28b1eb] Submitted process > run_methods (method: thresholding; grid row: 5)
[c2/d9a797] Submitted process > run_methods (method: glmeiv_slow; grid row: 5)
