This is pdfTeX, Version 3.14159265-2.6-1.40.19 (TeX Live 2018) (preloaded format=pdflatex 2018.4.16)  5 FEB 2022 13:56
entering extended mode
 restricted \write18 enabled.
 %&-line parsing enabled.
**jasa.tex
(./jasa.tex
LaTeX2e <2018-04-01> patch level 2
Babel <3.18> and hyphenation patterns for 84 language(s) loaded.
(/usr/local/texlive/2018/texmf-dist/tex/latex/base/article.cls
Document Class: article 2014/09/29 v1.4h Standard LaTeX document class
(/usr/local/texlive/2018/texmf-dist/tex/latex/base/size12.clo
File: size12.clo 2014/09/29 v1.4h Standard LaTeX file (size option)
)
\c@part=\count80
\c@section=\count81
\c@subsection=\count82
\c@subsubsection=\count83
\c@paragraph=\count84
\c@subparagraph=\count85
\c@figure=\count86
\c@table=\count87
\abovecaptionskip=\skip41
\belowcaptionskip=\skip42
\bibindent=\dimen102
)
(/usr/local/texlive/2018/texmf-dist/tex/latex/amsmath/amsmath.sty
Package: amsmath 2017/09/02 v2.17a AMS math features
\@mathmargin=\skip43

For additional information on amsmath, use the `?' option.
(/usr/local/texlive/2018/texmf-dist/tex/latex/amsmath/amstext.sty
Package: amstext 2000/06/29 v2.01 AMS text

(/usr/local/texlive/2018/texmf-dist/tex/latex/amsmath/amsgen.sty
File: amsgen.sty 1999/11/30 v2.0 generic functions
\@emptytoks=\toks14
\ex@=\dimen103
))
(/usr/local/texlive/2018/texmf-dist/tex/latex/amsmath/amsbsy.sty
Package: amsbsy 1999/11/29 v1.2d Bold Symbols
\pmbraise@=\dimen104
)
(/usr/local/texlive/2018/texmf-dist/tex/latex/amsmath/amsopn.sty
Package: amsopn 2016/03/08 v2.02 operator names
)
\inf@bad=\count88
LaTeX Info: Redefining \frac on input line 213.
\uproot@=\count89
\leftroot@=\count90
LaTeX Info: Redefining \overline on input line 375.
\classnum@=\count91
\DOTSCASE@=\count92
LaTeX Info: Redefining \ldots on input line 472.
LaTeX Info: Redefining \dots on input line 475.
LaTeX Info: Redefining \cdots on input line 596.
\Mathstrutbox@=\box26
\strutbox@=\box27
\big@size=\dimen105
LaTeX Font Info:    Redeclaring font encoding OML on input line 712.
LaTeX Font Info:    Redeclaring font encoding OMS on input line 713.
\macc@depth=\count93
\c@MaxMatrixCols=\count94
\dotsspace@=\muskip10
\c@parentequation=\count95
\dspbrk@lvl=\count96
\tag@help=\toks15
\row@=\count97
\column@=\count98
\maxfields@=\count99
\andhelp@=\toks16
\eqnshift@=\dimen106
\alignsep@=\dimen107
\tagshift@=\dimen108
\tagwidth@=\dimen109
\totwidth@=\dimen110
\lineht@=\dimen111
\@envbody=\toks17
\multlinegap=\skip44
\multlinetaggap=\skip45
\mathdisplay@stack=\toks18
LaTeX Info: Redefining \[ on input line 2817.
LaTeX Info: Redefining \] on input line 2818.
)
(/usr/local/texlive/2018/texmf-dist/tex/latex/graphics/graphicx.sty
Package: graphicx 2017/06/01 v1.1a Enhanced LaTeX Graphics (DPC,SPQR)

(/usr/local/texlive/2018/texmf-dist/tex/latex/graphics/keyval.sty
Package: keyval 2014/10/28 v1.15 key=value parser (DPC)
\KV@toks@=\toks19
)
(/usr/local/texlive/2018/texmf-dist/tex/latex/graphics/graphics.sty
Package: graphics 2017/06/25 v1.2c Standard LaTeX Graphics (DPC,SPQR)

(/usr/local/texlive/2018/texmf-dist/tex/latex/graphics/trig.sty
Package: trig 2016/01/03 v1.10 sin cos tan (DPC)
)
(/usr/local/texlive/2018/texmf-dist/tex/latex/graphics-cfg/graphics.cfg
File: graphics.cfg 2016/06/04 v1.11 sample graphics configuration
)
Package graphics Info: Driver file: pdftex.def on input line 99.

(/usr/local/texlive/2018/texmf-dist/tex/latex/graphics-def/pdftex.def
File: pdftex.def 2018/01/08 v1.0l Graphics/color driver for pdftex
))
\Gin@req@height=\dimen112
\Gin@req@width=\dimen113
)
(/usr/local/texlive/2018/texmf-dist/tex/latex/tools/enumerate.sty
Package: enumerate 2015/07/23 v3.00 enumerate extensions (DPC)
\@enLab=\toks20
)
(/usr/local/texlive/2018/texmf-dist/tex/latex/setspace/setspace.sty
Package: setspace 2011/12/19 v6.7a set line spacing
)
(/usr/local/texlive/2018/texmf-dist/tex/latex/amsfonts/amsfonts.sty
Package: amsfonts 2013/01/14 v3.01 Basic AMSFonts support
\symAMSa=\mathgroup4
\symAMSb=\mathgroup5
LaTeX Font Info:    Overwriting math alphabet `\mathfrak' in version `bold'
(Font)                  U/euf/m/n --> U/euf/b/n on input line 106.
)
(/usr/local/texlive/2018/texmf-dist/tex/latex/comment/comment.sty
\CommentStream=\write3

Excluding comment 'comment')
(/usr/local/texlive/2018/texmf-dist/tex/latex/algorithms/algorithm.sty
Package: algorithm 2009/08/24 v0.1 Document Style `algorithm' - floating enviro
nment

(/usr/local/texlive/2018/texmf-dist/tex/latex/float/float.sty
Package: float 2001/11/08 v1.3d Float enhancements (AL)
\c@float@type=\count100
\float@exts=\toks21
\float@box=\box28
\@float@everytoks=\toks22
\@floatcapt=\box29
)
(/usr/local/texlive/2018/texmf-dist/tex/latex/base/ifthen.sty
Package: ifthen 2014/09/29 v1.1c Standard LaTeX ifthen package (DPC)
)
\@float@every@algorithm=\toks23
\c@algorithm=\count101
)
(/usr/local/texlive/2018/texmf-dist/tex/latex/tools/tabularx.sty
Package: tabularx 2016/02/03 v2.11b `tabularx' package (DPC)

(/usr/local/texlive/2018/texmf-dist/tex/latex/tools/array.sty
Package: array 2018/04/07 v2.4g Tabular extension package (FMi)
\col@sep=\dimen114
\ar@mcellbox=\box30
\extrarowheight=\dimen115
\NC@list=\toks24
\extratabsurround=\skip46
\backup@length=\skip47
\ar@cellbox=\box31
)
\TX@col@width=\dimen116
\TX@old@table=\dimen117
\TX@old@col=\dimen118
\TX@target=\dimen119
\TX@delta=\dimen120
\TX@cols=\count102
\TX@ftn=\toks25
)
(/usr/local/texlive/2018/texmf-dist/tex/latex/amsfonts/amssymb.sty
Package: amssymb 2013/01/14 v3.01 AMS font symbols
)
(/usr/local/texlive/2018/texmf-dist/tex/latex/amscls/amsthm.sty
Package: amsthm 2017/10/31 v2.20.4
\thm@style=\toks26
\thm@bodyfont=\toks27
\thm@headfont=\toks28
\thm@notefont=\toks29
\thm@headpunct=\toks30
\thm@preskip=\skip48
\thm@postskip=\skip49
\thm@headsep=\skip50
\dth@everypar=\toks31
)
(/usr/local/texlive/2018/texmf-dist/tex/latex/titlesec/titlesec.sty
Package: titlesec 2016/03/21 v2.10.2 Sectioning titles
\ttl@box=\box32
\beforetitleunit=\skip51
\aftertitleunit=\skip52
\ttl@plus=\dimen121
\ttl@minus=\dimen122
\ttl@toksa=\toks32
\titlewidth=\dimen123
\titlewidthlast=\dimen124
\titlewidthfirst=\dimen125
)
(/usr/local/texlive/2018/texmf-dist/tex/latex/xcolor/xcolor.sty
Package: xcolor 2016/05/11 v2.12 LaTeX color extensions (UK)

(/usr/local/texlive/2018/texmf-dist/tex/latex/graphics-cfg/color.cfg
File: color.cfg 2016/01/02 v1.6 sample color configuration
)
Package xcolor Info: Driver file: pdftex.def on input line 225.
Package xcolor Info: Model `cmy' substituted by `cmy0' on input line 1348.
Package xcolor Info: Model `hsb' substituted by `rgb' on input line 1352.
Package xcolor Info: Model `RGB' extended on input line 1364.
Package xcolor Info: Model `HTML' substituted by `rgb' on input line 1366.
Package xcolor Info: Model `Hsb' substituted by `hsb' on input line 1367.
Package xcolor Info: Model `tHsb' substituted by `hsb' on input line 1368.
Package xcolor Info: Model `HSB' substituted by `hsb' on input line 1369.
Package xcolor Info: Model `Gray' substituted by `gray' on input line 1370.
Package xcolor Info: Model `wave' substituted by `hsb' on input line 1371.
)
(/usr/local/texlive/2018/texmf-dist/tex/latex/appendix/appendix.sty
Package: appendix 2009/09/02 v1.2b extra appendix facilities
\c@@pps=\count103
\c@@ppsavesec=\count104
\c@@ppsaveapp=\count105
)
(/usr/local/texlive/2018/texmf-dist/tex/latex/algorithmicx/algpseudocode.sty
Package: algpseudocode 

(/usr/local/texlive/2018/texmf-dist/tex/latex/algorithmicx/algorithmicx.sty
Package: algorithmicx 2005/04/27 v1.2 Algorithmicx

Document Style algorithmicx 1.2 - a greatly improved `algorithmic' style
\c@ALG@line=\count106
\c@ALG@rem=\count107
\c@ALG@nested=\count108
\ALG@tlm=\skip53
\ALG@thistlm=\skip54
\c@ALG@Lnr=\count109
\c@ALG@blocknr=\count110
\c@ALG@storecount=\count111
\c@ALG@tmpcounter=\count112
\ALG@tmplength=\skip55
)
Document Style - pseudocode environments for use with the `algorithmicx' style
) (/usr/local/texlive/2018/texmf-dist/tex/latex/tools/afterpage.sty
Package: afterpage 2014/10/28 v1.08 After-Page Package (DPC)
\AP@output=\toks33
\AP@partial=\box33
\AP@footins=\box34
)
(/usr/local/texlive/2018/texmf-dist/tex/latex/biblatex/biblatex.sty
Package: biblatex 2018/03/04 v3.11 programmable bibliographies (PK/MW)

(/usr/local/texlive/2018/texmf-dist/tex/generic/oberdiek/pdftexcmds.sty
Package: pdftexcmds 2018/01/30 v0.27 Utility functions of pdfTeX for LuaTeX (HO
)

(/usr/local/texlive/2018/texmf-dist/tex/generic/oberdiek/infwarerr.sty
Package: infwarerr 2016/05/16 v1.4 Providing info/warning/error messages (HO)
)
(/usr/local/texlive/2018/texmf-dist/tex/generic/oberdiek/ifluatex.sty
Package: ifluatex 2016/05/16 v1.4 Provides the ifluatex switch (HO)
Package ifluatex Info: LuaTeX not detected.
)
(/usr/local/texlive/2018/texmf-dist/tex/generic/oberdiek/ltxcmds.sty
Package: ltxcmds 2016/05/16 v1.23 LaTeX kernel commands for general use (HO)
)
(/usr/local/texlive/2018/texmf-dist/tex/generic/oberdiek/ifpdf.sty
Package: ifpdf 2017/03/15 v3.2 Provides the ifpdf switch
)
Package pdftexcmds Info: LuaTeX not detected.
Package pdftexcmds Info: \pdf@primitive is available.
Package pdftexcmds Info: \pdf@ifprimitive is available.
Package pdftexcmds Info: \pdfdraftmode found.
)
(/usr/local/texlive/2018/texmf-dist/tex/latex/etoolbox/etoolbox.sty
Package: etoolbox 2018/02/11 v2.5e e-TeX tools for LaTeX (JAW)
\etb@tempcnta=\count113
)
(/usr/local/texlive/2018/texmf-dist/tex/latex/oberdiek/kvoptions.sty
Package: kvoptions 2016/05/16 v3.12 Key value format for package options (HO)

(/usr/local/texlive/2018/texmf-dist/tex/generic/oberdiek/kvsetkeys.sty
Package: kvsetkeys 2016/05/16 v1.17 Key value parser (HO)

(/usr/local/texlive/2018/texmf-dist/tex/generic/oberdiek/etexcmds.sty
Package: etexcmds 2016/05/16 v1.6 Avoid name clashes with e-TeX commands (HO)
Package etexcmds Info: Could not find \expanded.
(etexcmds)             That can mean that you are not using pdfTeX 1.50 or
(etexcmds)             that some package has redefined \expanded.
(etexcmds)             In the latter case, load this package earlier.
)))
(/usr/local/texlive/2018/texmf-dist/tex/latex/logreq/logreq.sty
Package: logreq 2010/08/04 v1.0 xml request logger
\lrq@indent=\count114

(/usr/local/texlive/2018/texmf-dist/tex/latex/logreq/logreq.def
File: logreq.def 2010/08/04 v1.0 logreq spec v1.0
))
(/usr/local/texlive/2018/texmf-dist/tex/latex/url/url.sty
\Urlmuskip=\muskip11
Package: url 2013/09/16  ver 3.4  Verb mode for urls, etc.
)
(/usr/local/texlive/2018/texmf-dist/tex/generic/xstring/xstring.sty
(/usr/local/texlive/2018/texmf-dist/tex/generic/xstring/xstring.tex
\@xs@message=\write4
\integerpart=\count115
\decimalpart=\count116
)
Package: xstring 2013/10/13  v1.7c  String manipulations (C Tellechea)
)
\c@tabx@nest=\count117
\c@listtotal=\count118
\c@listcount=\count119
\c@liststart=\count120
\c@liststop=\count121
\c@citecount=\count122
\c@citetotal=\count123
\c@multicitecount=\count124
\c@multicitetotal=\count125
\c@instcount=\count126
\c@maxnames=\count127
\c@minnames=\count128
\c@maxitems=\count129
\c@minitems=\count130
\c@citecounter=\count131
\c@savedcitecounter=\count132
\c@uniquelist=\count133
\c@uniquename=\count134
\c@refsection=\count135
\c@refsegment=\count136
\c@maxextratitle=\count137
\c@maxextratitleyear=\count138
\c@maxextradate=\count139
\c@maxextraalpha=\count140
\c@abbrvpenalty=\count141
\c@highnamepenalty=\count142
\c@lownamepenalty=\count143
\c@maxparens=\count144
\c@parenlevel=\count145
\blx@tempcnta=\count146
\blx@tempcntb=\count147
\blx@tempcntc=\count148
\blx@maxsection=\count149
\blx@maxsegment@0=\count150
\blx@notetype=\count151
\blx@parenlevel@text=\count152
\blx@parenlevel@foot=\count153
\blx@sectionciteorder@0=\count154
\labelnumberwidth=\skip56
\labelalphawidth=\skip57
\biblabelsep=\skip58
\bibitemsep=\skip59
\bibnamesep=\skip60
\bibinitsep=\skip61
\bibparsep=\skip62
\bibhang=\skip63
\blx@bcfin=\read1
\blx@bcfout=\write5
\c@mincomprange=\count155
\c@maxcomprange=\count156
\c@mincompwidth=\count157
Package biblatex Info: Trying to load biblatex default data model...
Package biblatex Info: ... file 'blx-dm.def' found.

(/usr/local/texlive/2018/texmf-dist/tex/latex/biblatex/blx-dm.def
File: blx-dm.def 2018/03/04 v3.11 biblatex localization (PK/MW)
)
Package biblatex Info: Trying to load biblatex style data model...
Package biblatex Info: ... file 'chicago-authordate.dbx' not found.
Package biblatex Info: Trying to load biblatex custom data model...
Package biblatex Info: ... file 'biblatex-dm.cfg' not found.
\c@afterword=\count158
\c@savedafterword=\count159
\c@annotator=\count160
\c@savedannotator=\count161
\c@author=\count162
\c@savedauthor=\count163
\c@bookauthor=\count164
\c@savedbookauthor=\count165
\c@commentator=\count166
\c@savedcommentator=\count167
\c@editor=\count168
\c@savededitor=\count169
\c@editora=\count170
\c@savededitora=\count171
\c@editorb=\count172
\c@savededitorb=\count173
\c@editorc=\count174
\c@savededitorc=\count175
\c@foreword=\count176
\c@savedforeword=\count177
\c@holder=\count178
\c@savedholder=\count179
\c@introduction=\count180
\c@savedintroduction=\count181
\c@namea=\count182
\c@savednamea=\count183
\c@nameb=\count184
\c@savednameb=\count185
\c@namec=\count186
\c@savednamec=\count187
\c@translator=\count188
\c@savedtranslator=\count189
\c@shortauthor=\count190
\c@savedshortauthor=\count191
\c@shorteditor=\count192
\c@savedshorteditor=\count193
\c@labelname=\count194
\c@savedlabelname=\count195
\c@institution=\count196
\c@savedinstitution=\count197
\c@lista=\count198
\c@savedlista=\count199
\c@listb=\count266
\c@savedlistb=\count267
\c@listc=\count268
\c@savedlistc=\count269
\c@listd=\count270
\c@savedlistd=\count271
\c@liste=\count272
\c@savedliste=\count273
\c@listf=\count274
\c@savedlistf=\count275
\c@location=\count276
\c@savedlocation=\count277
\c@organization=\count278
\c@savedorganization=\count279
\c@origlocation=\count280
\c@savedoriglocation=\count281
\c@origpublisher=\count282
\c@savedorigpublisher=\count283
\c@publisher=\count284
\c@savedpublisher=\count285
\c@language=\count286
\c@savedlanguage=\count287
\c@origlanguage=\count288
\c@savedoriglanguage=\count289
\c@pageref=\count290
\c@savedpageref=\count291
\shorthandwidth=\skip64
\shortjournalwidth=\skip65
\shortserieswidth=\skip66
\shorttitlewidth=\skip67
\shortauthorwidth=\skip68
\shorteditorwidth=\skip69
\locallabelnumberwidth=\skip70
\locallabelalphawidth=\skip71
\localshorthandwidth=\skip72
\localshortjournalwidth=\skip73
\localshortserieswidth=\skip74
\localshorttitlewidth=\skip75
\localshortauthorwidth=\skip76
\localshorteditorwidth=\skip77
Package biblatex Info: Trying to load compatibility code...
Package biblatex Info: ... file 'blx-compat.def' found.

(/usr/local/texlive/2018/texmf-dist/tex/latex/biblatex/blx-compat.def
File: blx-compat.def 2018/03/04 v3.11 biblatex compatibility (PK/MW)
)
Package biblatex Info: Trying to load generic definitions...
Package biblatex Info: ... file 'biblatex.def' found.

(/usr/local/texlive/2018/texmf-dist/tex/latex/biblatex/biblatex.def
File: biblatex.def 2018/03/04 v3.11 biblatex compatibility (PK/MW)
\c@textcitecount=\count292
\c@textcitetotal=\count293
\c@textcitemaxnames=\count294
\c@biburlnumpenalty=\count295
\c@biburlucpenalty=\count296
\c@biburllcpenalty=\count297
\c@smartand=\count298
)
Package biblatex Info: Trying to load bibliography style 'chicago-authordate'..
.
Package biblatex Info: ... file 'chicago-authordate.bbx' found.

(/usr/local/texlive/2018/texmf-dist/tex/latex/biblatex-chicago/chicago-authorda
te.bbx
File: chicago-authordate.bbx 2018/01/11 v 3.10 biblatex bibliography style
\lositemsep=\skip78
\c@bbx:relatedcount=\count299
\c@bbx:relatedtotal=\count300
)
Package biblatex Info: Trying to load citation style 'chicago-authordate'...
Package biblatex Info: ... file 'chicago-authordate.cbx' found.

(/usr/local/texlive/2018/texmf-dist/tex/latex/biblatex-chicago/chicago-authorda
te.cbx
File: chicago-authordate.cbx 2018/01/11 v 3.10 biblatex citation style
Package biblatex Info: Trying to load citation style 'chicago-dates-common'...
Package biblatex Info: ... file 'chicago-dates-common.cbx' found.

(/usr/local/texlive/2018/texmf-dist/tex/latex/biblatex-chicago/chicago-dates-co
mmon.cbx
File: chicago-dates-common.cbx 2018/01/11 v 3.10 biblatex citation style
Package biblatex Info: Redefining '\cite'.
Package biblatex Info: Redefining '\parencite'.
Package biblatex Info: Redefining '\footcite'.
Package biblatex Info: Redefining '\footcitetext'.
Package biblatex Info: Redefining '\footfullcite'.
Package biblatex Info: Redefining '\fullcite'.
Package biblatex Info: Redefining '\textcite'.
Package biblatex Info: Redefining '\textcites'.
Package biblatex Info: Redefining '\cites'.
Package biblatex Info: Redefining '\parencites'.
Package biblatex Info: Redefining '\footcites'.
Package biblatex Info: Redefining '\footcitetexts'.
Package biblatex Info: Patching 'autolang=other' option.
))
Package biblatex Info: Trying to load configuration file...
Package biblatex Info: ... file 'biblatex.cfg' found.
 (/usr/local/texlive/2018/texmf-dist/tex/latex/biblatex/biblatex.cfg
File: biblatex.cfg 
))
\c@lemma=\count301
\c@proposition=\count302
Package biblatex Info: Trying to load language 'english'...
Package biblatex Info: ... file 'english.lbx' found.
 (/usr/local/texlive/2018/texmf-dist/tex/latex/biblatex/lbx/english.lbx
File: english.lbx 2018/03/04 v3.11 biblatex localization (PK/MW)
)
\@quotelevel=\count303
\@quotereset=\count304

(./jasa.aux)
\openout1 = `jasa.aux'.

LaTeX Font Info:    Checking defaults for OML/cmm/m/it on input line 60.
LaTeX Font Info:    ... okay on input line 60.
LaTeX Font Info:    Checking defaults for T1/cmr/m/n on input line 60.
LaTeX Font Info:    ... okay on input line 60.
LaTeX Font Info:    Checking defaults for OT1/cmr/m/n on input line 60.
LaTeX Font Info:    ... okay on input line 60.
LaTeX Font Info:    Checking defaults for OMS/cmsy/m/n on input line 60.
LaTeX Font Info:    ... okay on input line 60.
LaTeX Font Info:    Checking defaults for OMX/cmex/m/n on input line 60.
LaTeX Font Info:    ... okay on input line 60.
LaTeX Font Info:    Checking defaults for U/cmr/m/n on input line 60.
LaTeX Font Info:    ... okay on input line 60.

(/usr/local/texlive/2018/texmf-dist/tex/context/base/mkii/supp-pdf.mkii
[Loading MPS to PDF converter (version 2006.09.02).]
\scratchcounter=\count305
\scratchdimen=\dimen126
\scratchbox=\box35
\nofMPsegments=\count306
\nofMParguments=\count307
\everyMPshowfont=\toks34
\MPscratchCnt=\count308
\MPscratchDim=\dimen127
\MPnumerator=\count309
\makeMPintoPDFobject=\count310
\everyMPtoPDFconversion=\toks35
) (/usr/local/texlive/2018/texmf-dist/tex/latex/oberdiek/epstopdf-base.sty
Package: epstopdf-base 2016/05/15 v2.6 Base part for package epstopdf

(/usr/local/texlive/2018/texmf-dist/tex/latex/oberdiek/grfext.sty
Package: grfext 2016/05/16 v1.2 Manage graphics extensions (HO)

(/usr/local/texlive/2018/texmf-dist/tex/generic/oberdiek/kvdefinekeys.sty
Package: kvdefinekeys 2016/05/16 v1.4 Define keys (HO)
))
Package epstopdf-base Info: Redefining graphics rule for `.eps' on input line 4
38.
Package grfext Info: Graphics extension search list:
(grfext)             [.pdf,.png,.jpg,.mps,.jpeg,.jbig2,.jb2,.PDF,.PNG,.JPG,.JPE
G,.JBIG2,.JB2,.eps]
(grfext)             \AppendGraphicsExtensions on input line 456.

(/usr/local/texlive/2018/texmf-dist/tex/latex/latexconfig/epstopdf-sys.cfg
File: epstopdf-sys.cfg 2010/07/13 v1.3 Configuration of (r)epstopdf for TeX Liv
e
))
Package biblatex Info: Input encoding 'utf8' detected.
Package biblatex Info: Automatic encoding selection.
(biblatex)             Assuming data encoding 'utf8'.
\openout5 = `jasa.bcf'.

Package biblatex Info: Trying to load bibliographic data...
Package biblatex Info: ... file 'jasa.bbl' found.

(./jasa.bbl

Package biblatex Warning: The following entry could not be found
(biblatex)                in the database (refsection 1):
(biblatex)                Barry2020
(biblatex)                Please verify the spelling and rerun
(biblatex)                LaTeX afterwards.

)
Package biblatex Info: Reference section=0 on input line 60.
Package biblatex Info: Reference segment=0 on input line 60.
LaTeX Font Info:    Try loading font information for U+msa on input line 78.
 (/usr/local/texlive/2018/texmf-dist/tex/latex/amsfonts/umsa.fd
File: umsa.fd 2013/01/14 v3.01 AMS symbols A
)
LaTeX Font Info:    Try loading font information for U+msb on input line 78.

(/usr/local/texlive/2018/texmf-dist/tex/latex/amsfonts/umsb.fd
File: umsb.fd 2013/01/14 v3.01 AMS symbols B
)
LaTeX Font Info:    Try loading font information for OMS+cmr on input line 78.

(/usr/local/texlive/2018/texmf-dist/tex/latex/base/omscmr.fd
File: omscmr.fd 2014/09/29 v2.5h Standard LaTeX font definitions
)
LaTeX Font Info:    Font shape `OMS/cmr/m/n' in size <10> not available
(Font)              Font shape `OMS/cmsy/m/n' tried instead on input line 78.
LaTeX Font Info:    Font shape `OMS/cmr/m/n' in size <7> not available
(Font)              Font shape `OMS/cmsy/m/n' tried instead on input line 78.
 [1

{/usr/local/texlive/2018/texmf-var/fonts/map/pdftex/updmap/pdftex.map}] [2] [3]
 [4] [5]
[6] [7]
<../../figures/analysis_challenges/plot.pdf, id=34, 1250.27098pt x 879.285pt>
File: ../../figures/analysis_challenges/plot.pdf Graphic file (type pdf)
<use ../../figures/analysis_challenges/plot.pdf>
Package pdftex.def Info: ../../figures/analysis_challenges/plot.pdf  used on in
put line 139.
(pdftex.def)             Requested size: 462.26999pt x 325.10228pt.


LaTeX Warning: `!h' float specifier changed to `!ht'.

[8] [9 <../../figures/analysis_challenges/plot.pdf>] [10] [11] [12] [13]

LaTeX Warning: Reference `thresholding_theoretical' on page 14 undefined on inp
ut line 211.

[14]
Overfull \hbox (0.77951pt too wide) in paragraph at lines 215--216
\OT1/cmr/m/n/12 To an-swer this ques-tion, we in-tro-duce GLM-EIV (GLM-based er
rors-in-variables), a method
 []

[15] [16]
Overfull \hbox (13.37555pt too wide) in paragraph at lines 242--247
\OT1/cmr/m/n/12 The den-sity $\OML/cmm/m/it/12 f[]$ \OT1/cmr/m/n/12 of $\OML/cm
m/m/it/12 g[]$ \OT1/cmr/m/n/12 given the canon-i-cal pa-ram-e-ter is $\OML/cmm/
m/it/12 f[]\OT1/cmr/m/n/12 (\OML/cmm/m/it/12 m[]\OT1/cmr/m/n/12 ; \OML/cmm/m/it
/12 ^^Q[]\OT1/cmr/m/n/12 ) = [] [] \OML/cmm/m/it/12 :$
 []

[17] [18] [19] [20] [21]
Overfull \hbox (15.18944pt too wide) detected at line 347
 []$[]   [] \OML/cmm/m/it/12 f[]\OT1/cmr/m/n/12 (\OML/cmm/m/it/12 m[]\OT1/cmr/m
/n/12 ; \OML/cmm/m/it/12 ^^Q[]\OT1/cmr/m/n/12 ) = [] + []$ 
 []

[22] [23] [24] [25] [26] [27] [28] [29] [30] [31] [32]
Overfull \hbox (4.80276pt too wide) in paragraph at lines 420--420
\OT1/cmr/m/n/12 ing pooled CRISPR screens and sin-gle cell RNA se-quenc-ing''. 
\OT1/cmr/m/it/12 bioRxiv\OT1/cmr/m/n/12 : 2021.04.07.438882.
 []

[33]
Overfull \hbox (1.32208pt too wide) in paragraph at lines 420--420
[]\OT1/cmr/m/n/12 Przybyla, Lar-a-lynne, and Luke A. Gilbert. 2021. ``A new era
 in func-tional ge-nomics screens''.
 []

[34] [35]
<../../figures/thresholding_empirical/plot.jpeg, id=154, 1806.75pt x 1806.75pt>

File: ../../figures/thresholding_empirical/plot.jpeg Graphic file (type jpg)
<use ../../figures/thresholding_empirical/plot.jpeg>
Package pdftex.def Info: ../../figures/thresholding_empirical/plot.jpeg  used o
n input line 429.
(pdftex.def)             Requested size: 462.26999pt x 462.2728pt.
 [36

 <../../figures/thresholding_empirical/plot.jpeg>]
<../../figures/main_text_sim/plot.pdf, id=158, 429.605pt x 530.98375pt>
File: ../../figures/main_text_sim/plot.pdf Graphic file (type pdf)
<use ../../figures/main_text_sim/plot.pdf>
Package pdftex.def Info: ../../figures/main_text_sim/plot.pdf  used on input li
ne 446.
(pdftex.def)             Requested size: 416.04016pt x 514.22719pt.
 [37

 <../../figures/main_text_sim/plot.pdf>]

! LaTeX Error: File `../../figures/data_analysis/annotated_plot_crop' not found
.

See the LaTeX manual or LaTeX Companion for explanation.
Type  H <return>  for immediate help.
 ...                                              
                                                  
l.454 ...igures/data_analysis/annotated_plot_crop}
                                                  
I could not locate the file with any of these extensions:
.pdf,.png,.jpg,.mps,.jpeg,.jbig2,.jb2,.PDF,.PNG,.JPG,.JPEG,.JBIG2,.JB2,.eps
Try typing  <return>  to proceed.
If that doesn't work, type  X <return>  to quit.

[38]
<../../figures/dec_tree/dec_tree_crop.pdf, id=172, 1111.15125pt x 415.5525pt>
File: ../../figures/dec_tree/dec_tree_crop.pdf Graphic file (type pdf)
<use ../../figures/dec_tree/dec_tree_crop.pdf>
Package pdftex.def Info: ../../figures/dec_tree/dec_tree_crop.pdf  used on inpu
t line 462.
(pdftex.def)             Requested size: 416.04016pt x 155.59085pt.
 [39


 <../../figures/dec_tree/dec_tree_crop.pdf>]
\blx@maxsegment@1=\count311
\blx@sectionciteorder@1=\count312
Package biblatex Info: Reference section=1 on input line 468.
Package biblatex Info: Setting label 'refsection:1' on input line 468.
 [40

] [41]

LaTeX Warning: Reference `thresholding_theoretical' on page 42 undefined on inp
ut line 495.


LaTeX Warning: Reference `thresholding_theoretical' on page 42 undefined on inp
ut line 495.


LaTeX Warning: Reference `thresholding_theoretical' on page 42 undefined on inp
ut line 495.

<../../figures/thresholding_theoretical/app_plot.jpeg, id=196, 2168.1pt x 722.7
pt>
File: ../../figures/thresholding_theoretical/app_plot.jpeg Graphic file (type j
pg)
<use ../../figures/thresholding_theoretical/app_plot.jpeg>
Package pdftex.def Info: ../../figures/thresholding_theoretical/app_plot.jpeg  
used on input line 499.
(pdftex.def)             Requested size: 462.26999pt x 154.08725pt.
[42 <../../figures/thresholding_theoretical/app_plot.jpeg>] [43] [44] [45]
[46] [47] [48] [49] [50]
Overfull \hbox (18.923pt too wide) detected at line 648
\OML/cmm/m/it/12 D[]\OT1/cmr/m/n/12 [4\OML/cmm/m/it/12 h\OT1/cmr/m/n/12 (\OML/c
mm/m/it/12 ^^L[]; c[]; ^^Y\OT1/cmr/m/n/12 )] = [\OML/cmm/m/it/12 f\OT1/cmr/m/n/
12 (\OML/cmm/m/it/12 ^^L[]=\OT1/cmr/m/n/12 2) + \OML/cmm/m/it/12 f\OT1/cmr/m/n/
12 (\OMS/cmsy/m/n/12 ^^@\OML/cmm/m/it/12 ^^L[]=\OT1/cmr/m/n/12 2)] [] = 0\OML/c
mm/m/it/12 :
 []


Overfull \hbox (12.8828pt too wide) in paragraph at lines 654--654
|[]\OT1/cmr/bx/n/14.4 Comparing Bayes-optimal de-ci-sion bound-ary and large th
resh-
 []


Overfull \hbox (15.5789pt too wide) detected at line 663
 []$[]  \OML/cmm/m/it/12 r\OT1/cmr/m/n/12 (\OML/cmm/m/it/12 ^^L[]\OT1/cmr/m/n/1
2 ) = 1\OML/cmm/m/it/12 =\OT1/cmr/m/n/12 2  \OMS/cmsy/m/n/12 ([])  \OT1/cmr/m/n
/12 2^^H(\OML/cmm/m/it/12 ^^L[]=\OT1/cmr/m/n/12 2) \OMS/cmsy/m/n/12 ^^@ \OT1/cm
r/m/n/12 1 = 1\OML/cmm/m/it/12 =\OT1/cmr/m/n/12 2  \OMS/cmsy/m/n/12 ([])  \OT1/
cmr/m/n/12 ^^H(\OML/cmm/m/it/12 ^^L[]=\OT1/cmr/m/n/12 2) = 3\OML/cmm/m/it/12 =\
OT1/cmr/m/n/12 4  \OMS/cmsy/m/n/12 ([])  \OML/cmm/m/it/12 ^^L[] \OT1/cmr/m/n/12
 = 2^^H[](3\OML/cmm/m/it/12 =\OT1/cmr/m/n/12 4) \OMS/cmsy/m/n/12 ^^Y \OT1/cmr/m
/n/12 1\OML/cmm/m/it/12 :\OT1/cmr/m/n/12 35\OML/cmm/m/it/12 :  $ 
 []

[51]
Overfull \hbox (4.87595pt too wide) in paragraph at lines 664--665
\OT1/cmr/m/n/12 We con-clude that $\OML/cmm/m/it/12 b\OT1/cmr/m/n/12 (\OML/cmm/
m/it/12 ^^L[]; c[]; \OT1/cmr/m/n/12 1\OML/cmm/m/it/12 =\OT1/cmr/m/n/12 2) \OML/
cmm/m/it/12 > b\OT1/cmr/m/n/12 (\OML/cmm/m/it/12 ^^L[]; \OMS/cmsy/m/n/12 1\OML/
cmm/m/it/12 ; \OT1/cmr/m/n/12 1\OML/cmm/m/it/12 =\OT1/cmr/m/n/12 2)$ on $\OML/c
mm/m/it/12 ^^L[] \OMS/cmsy/m/n/12 2 \OT1/cmr/m/n/12 [0\OML/cmm/m/it/12 ; \OT1/c
mr/m/n/12 2^^H[](3\OML/cmm/m/it/12 =\OT1/cmr/m/n/12 4))$; $\OML/cmm/m/it/12 b\O
T1/cmr/m/n/12 (\OML/cmm/m/it/12 ^^L[]; c[]; \OT1/cmr/m/n/12 1\OML/cmm/m/it/12 =
\OT1/cmr/m/n/12 2) =
 []


Overfull \hbox (20.56625pt too wide) in paragraph at lines 664--665
\OML/cmm/m/it/12 b\OT1/cmr/m/n/12 (\OML/cmm/m/it/12 ^^L[]; \OMS/cmsy/m/n/12 1\O
ML/cmm/m/it/12 ; \OT1/cmr/m/n/12 1\OML/cmm/m/it/12 =\OT1/cmr/m/n/12 2)$ for $\O
ML/cmm/m/it/12 ^^L[] \OT1/cmr/m/n/12 = 2^^H[](3\OML/cmm/m/it/12 =\OT1/cmr/m/n/1
2 4)$; and $\OML/cmm/m/it/12 b\OT1/cmr/m/n/12 (\OML/cmm/m/it/12 ^^L[]; c[]; \OT
1/cmr/m/n/12 1\OML/cmm/m/it/12 =\OT1/cmr/m/n/12 2) \OML/cmm/m/it/12 < b\OT1/cmr
/m/n/12 (\OML/cmm/m/it/12 ^^L[]; \OMS/cmsy/m/n/12 1\OML/cmm/m/it/12 ; \OT1/cmr/
m/n/12 1\OML/cmm/m/it/12 =\OT1/cmr/m/n/12 2)$ on $\OML/cmm/m/it/12 ^^L[] \OMS/c
msy/m/n/12 2 \OT1/cmr/m/n/12 (2^^H[](3\OML/cmm/m/it/12 =\OT1/cmr/m/n/12 4)\OML/
cmm/m/it/12 ; \OMS/cmsy/m/n/12 1\OT1/cmr/m/n/12 )$. 
 []


Overfull \hbox (1.07683pt too wide) detected at line 673
 []$[]   [] \OMS/cmsy/m/n/12 ^^A []$ 
 []

[52] [53] [54] [55] [56] [57] [58]
Overfull \hbox (15.21245pt too wide) in paragraph at lines 812--813
\OT1/cmr/m/n/12 The E step en-tails com-put-ing the mem-ber-ship prob-a-bil-ity
 of each cell. Let $\OML/cmm/m/it/12 ^^R[] \OT1/cmr/m/n/12 = (\OML/cmm/m/it/12 
^^L[]; ^^L[]; ^^Y[]\OT1/cmr/m/n/12 )$
 []

[59] [60]
Overfull \hbox (6.81277pt too wide) detected at line 846
\OMS/cmsy/m/n/12 L\OT1/cmr/m/n/12 (\OML/cmm/m/it/12 ^^R\OT1/cmr/m/n/12 ; \OML/c
mm/m/it/12 m; g; p\OT1/cmr/m/n/12 ) = [] [] + [] [] [] + [] [] [] \OML/cmm/m/it
/12 :
 []

[61] [62]
Overfull \hbox (29.23695pt too wide) in paragraph at lines 885--887
\OT1/cmr/m/n/12 and let the vec-tors $\OML/cmm/m/it/12 s[]\OT1/cmr/m/n/12 (\OML
/cmm/m/it/12 j\OT1/cmr/m/n/12 )$ and $\OML/cmm/m/it/12 w[]\OT1/cmr/m/n/12 (\OML
/cmm/m/it/12 j\OT1/cmr/m/n/12 )$ be de-fined anal-o-gously. The quan-ti-ties $^
^A[](\OML/cmm/m/it/12 j\OT1/cmr/m/n/12 )\OML/cmm/m/it/12 ; \OT1/cmr/m/n/12 [^^A
[]][](\OML/cmm/m/it/12 j\OT1/cmr/m/n/12 )\OML/cmm/m/it/12 ; V[]\OT1/cmr/m/n/12 
(\OML/cmm/m/it/12 j\OT1/cmr/m/n/12 )\OML/cmm/m/it/12 ;$
 []

[63]
<../../figures/info_matrix/info_matrix_background.jpg, id=269, 1323.94624pt x 1
317.92375pt>
File: ../../figures/info_matrix/info_matrix_background.jpg Graphic file (type j
pg)
<use ../../figures/info_matrix/info_matrix_background.jpg>
Package pdftex.def Info: ../../figures/info_matrix/info_matrix_background.jpg  
used on input line 897.
(pdftex.def)             Requested size: 208.02008pt x 207.07133pt.
 [64]
Underfull \hbox (badness 2285) detected at line 915
 []$[]  \OMS/cmsy/m/n/12 r[]L\OT1/cmr/m/n/12 (\OML/cmm/m/it/12 ^^R\OT1/cmr/m/n/
12 ; \OML/cmm/m/it/12 m; g; p\OT1/cmr/m/n/12 ) = [] [] = [] \OMS/cmsy/m/n/12 ^^
@ []\OML/cmm/m/it/12 :  $ 
 []

[65 <../../figures/info_matrix/info_matrix_background.jpg>] [66] [67] [68]
[69] [70] [71]
Overfull \vbox (8.43323pt too high) has occurred while \output is active []


[72] [73] [74] [75] [76]
Overfull \hbox (2.408pt too wide) in paragraph at lines 1077--1077
[]\OT1/cmr/m/n/12 An \OT1/cmtt/m/n/12 R \OT1/cmr/m/n/12 fam-ily ob-ject con-tai
ns sev-eral func-tions, in-clud-ing \OT1/cmtt/m/n/12 linkinv\OT1/cmr/m/n/12 , \
OT1/cmtt/m/n/12 variance\OT1/cmr/m/n/12 , and \OT1/cmtt/m/n/12 mu.eta\OT1/cmr/m
/n/12 .
 []

[77] [78]
Overfull \hbox (2.96815pt too wide) in paragraph at lines 1119--1119
 []|\OT1/cmtt/m/n/12 mu.eta.prime| 
 []

[79]
Overfull \hbox (12.1372pt too wide) detected at line 1136
\OML/cmm/m/it/12 f[]\OT1/cmr/m/n/12 (\OML/cmm/m/it/12 m[]; g[]; p[]\OT1/cmr/m/n
/12 ) = \OML/cmm/m/it/12 f[]\OT1/cmr/m/n/12 (\OML/cmm/m/it/12 m[]\OMS/cmsy/m/n/
12 j\OML/cmm/m/it/12 p[]\OT1/cmr/m/n/12 )\OML/cmm/m/it/12 f[]\OT1/cmr/m/n/12 (\
OML/cmm/m/it/12 g[]\OMS/cmsy/m/n/12 j\OML/cmm/m/it/12 p[]\OT1/cmr/m/n/12 )\OML/
cmm/m/it/12 f[]\OT1/cmr/m/n/12 (\OML/cmm/m/it/12 p[]\OT1/cmr/m/n/12 ) = \OML/cm
m/m/it/12 ^^Y[]\OT1/cmr/m/n/12 (1 \OMS/cmsy/m/n/12 ^^@ \OML/cmm/m/it/12 ^^Y\OT1
/cmr/m/n/12 )[]\OML/cmm/m/it/12 f[]\OT1/cmr/m/n/12 (\OML/cmm/m/it/12 m[]\OT1/cm
r/m/n/12 ; \OML/cmm/m/it/12 ^^Q[]\OT1/cmr/m/n/12 )[\OML/cmm/m/it/12 f[]\OT1/cmr
/m/n/12 (\OML/cmm/m/it/12 g[]\OT1/cmr/m/n/12 ; \OML/cmm/m/it/12 ^^Q[]\OT1/cmr/m
/n/12 )][]\U/msb/m/n/12 I\OT1/cmr/m/n/12 (\OML/cmm/m/it/12 g[] \OT1/cmr/m/n/12 
= 0)[]\OML/cmm/m/it/12 :
 []

[80] [81] [82] [83]
<../../figures/info_matrix/info_matrix_zero_inf.jpg, id=334, 1402.23875pt x 126
0.71pt>
File: ../../figures/info_matrix/info_matrix_zero_inf.jpg Graphic file (type jpg
)
<use ../../figures/info_matrix/info_matrix_zero_inf.jpg>
Package pdftex.def Info: ../../figures/info_matrix/info_matrix_zero_inf.jpg  us
ed on input line 1186.
(pdftex.def)             Requested size: 208.02008pt x 187.02075pt.

Overfull \hbox (17.02834pt too wide) detected at line 1195
 []$[]  \OML/cmm/m/it/12 J[]\OT1/cmr/m/n/12 (\OML/cmm/m/it/12 ^^R\OT1/cmr/m/n/1
2 ; \OML/cmm/m/it/12 m; g\OT1/cmr/m/n/12 ) = \OMS/cmsy/m/n/12 ^^@\U/msb/m/n/12 
E [] \OT1/cmr/m/n/12 + \U/msb/m/n/12 E [] E [][]$ 
 []

[84 <../../figures/info_matrix/info_matrix_zero_inf.jpg>]
Overfull \hbox (0.83453pt too wide) detected at line 1212
 []$[] \OT1/cmr/m/n/12 = [] [\OML/cmm/m/it/12 k; l\OT1/cmr/m/n/12 ] \OMS/cmsy/m
/n/12 ^^@ \U/msb/m/n/12 E [] \OT1/cmr/m/n/12 [\OML/cmm/m/it/12 k; l\OT1/cmr/m/n
/12 ]$ 
 []


Overfull \hbox (13.92184pt too wide) detected at line 1212
 []$[] \OT1/cmr/m/n/12 = \U/msb/m/n/12 E [] E [] \OMS/cmsy/m/n/12 ^^@ \U/msb/m/
n/12 E []$ 
 []

[85]
Overfull \hbox (26.44846pt too wide) detected at line 1217
 []$[]  \U/msb/m/n/12 E [] E [][] \OMS/cmsy/m/n/12 ^^@ \U/msb/m/n/12 E []$ 
 []

[86]
Overfull \hbox (20.97482pt too wide) detected at line 1227
 []$[] \OT1/cmr/m/n/12 + \U/msb/m/n/12 E [] E [][] \OMS/cmsy/m/n/12 ^^@ \U/msb/
m/n/12 E [] \OML/cmm/m/it/12 :$ []  
 []

[87] [88]
Overfull \hbox (19.57097pt too wide) detected at line 1251
 []$[]  \OML/cmm/m/it/12 J[]\OT1/cmr/m/n/12 (\OML/cmm/m/it/12 ^^R\OT1/cmr/m/n/1
2 ; \OML/cmm/m/it/12 m; g\OT1/cmr/m/n/12 ) = \U/msb/m/n/12 E [] \OT1/cmr/m/n/12
 + \U/msb/m/n/12 E [] E []$ 
 []


Overfull \hbox (3.2552pt too wide) detected at line 1259
 []$[] \OT1/cmr/m/n/12 = \OML/cmm/m/it/12 a [] [] \OT1/cmr/m/n/12 = \OML/cmm/m/
it/12 a [] x[]T[]\OT1/cmr/m/n/12 (1)^^A[]\OML/cmm/m/it/12 s[] []$ 
 []

[89] [90] [91] [92] [93] [94] [95] [96]

LaTeX Warning: Reference `algo:pilot_estimates' on page 97 undefined on input l
ine 1391.

[97]
<../../figures/supplement_sim/gaussian.pdf, id=381, 505.89pt x 180.675pt>
File: ../../figures/supplement_sim/gaussian.pdf Graphic file (type pdf)
<use ../../figures/supplement_sim/gaussian.pdf>
Package pdftex.def Info: ../../figures/supplement_sim/gaussian.pdf  used on inp
ut line 1398.
(pdftex.def)             Requested size: 462.26999pt x 165.09819pt.
 [98] [99 <../../figures/supplement_sim/gaussian.pdf>] [100]
Package biblatex Info: Reference section=0 on input line 1416.
 [101]
(./jasa.aux)

LaTeX Warning: There were undefined references.

Package logreq Info: Writing requests to 'jasa.run.xml'.
\openout1 = `jasa.run.xml'.

 ) 
Here is how much of TeX's memory you used:
 11761 strings out of 492649
 201882 string characters out of 6129622
 781237 words of memory out of 5000000
 15467 multiletter control sequences out of 15000+600000
 16740 words of font info for 64 fonts, out of 8000000 for 9000
 1141 hyphenation exceptions out of 8191
 40i,20n,49p,2336b,1490s stack positions out of 5000i,500n,10000p,200000b,80000s
</usr/local/texlive/2018/texmf-dist/fonts/type1/public/amsfonts/cm/cmbx10.pfb
></usr/local/texlive/2018/texmf-dist/fonts/type1/public/amsfonts/cm/cmbx12.pfb>
</usr/local/texlive/2018/texmf-dist/fonts/type1/public/amsfonts/cm/cmex10.pfb><
/usr/local/texlive/2018/texmf-dist/fonts/type1/public/amsfonts/cm/cmmi10.pfb></
usr/local/texlive/2018/texmf-dist/fonts/type1/public/amsfonts/cm/cmmi12.pfb></u
sr/local/texlive/2018/texmf-dist/fonts/type1/public/amsfonts/cm/cmmi6.pfb></usr
/local/texlive/2018/texmf-dist/fonts/type1/public/amsfonts/cm/cmmi8.pfb></usr/l
ocal/texlive/2018/texmf-dist/fonts/type1/public/amsfonts/cm/cmr10.pfb></usr/loc
al/texlive/2018/texmf-dist/fonts/type1/public/amsfonts/cm/cmr12.pfb></usr/local
/texlive/2018/texmf-dist/fonts/type1/public/amsfonts/cm/cmr6.pfb></usr/local/te
xlive/2018/texmf-dist/fonts/type1/public/amsfonts/cm/cmr8.pfb></usr/local/texli
ve/2018/texmf-dist/fonts/type1/public/amsfonts/cm/cmsy10.pfb></usr/local/texliv
e/2018/texmf-dist/fonts/type1/public/amsfonts/cm/cmsy6.pfb></usr/local/texlive/
2018/texmf-dist/fonts/type1/public/amsfonts/cm/cmsy7.pfb></usr/local/texlive/20
18/texmf-dist/fonts/type1/public/amsfonts/cm/cmsy8.pfb></usr/local/texlive/2018
/texmf-dist/fonts/type1/public/amsfonts/cm/cmti12.pfb></usr/local/texlive/2018/
texmf-dist/fonts/type1/public/amsfonts/cm/cmti8.pfb></usr/local/texlive/2018/te
xmf-dist/fonts/type1/public/amsfonts/cm/cmtt12.pfb></usr/local/texlive/2018/tex
mf-dist/fonts/type1/public/amsfonts/symbols/msam10.pfb></usr/local/texlive/2018
/texmf-dist/fonts/type1/public/amsfonts/symbols/msbm10.pfb>
Output written on jasa.pdf (101 pages, 1204459 bytes).
PDF statistics:
 467 PDF objects out of 1000 (max. 8388607)
 317 compressed objects within 4 object streams
 0 named destinations out of 1000 (max. 500000)
 41 words of extra memory for PDF output out of 10000 (max. 10000000)

