Aug-02 18:21:36.737 [main] DEBUG nextflow.cli.Launcher - $> nextflow run timothy-barry/simulatr-pipeline --simulatr_specifier_fp /Users/timbarry/research_offsite/projects/glmeiv/public/simulations/spec_objects/sim_spec_1.rds --result_dir /Users/timbarry/research_offsite/projects/glmeiv/public/simulations/results/ --result_file_name sim_res_1.rds --max_gb 3
Aug-02 18:21:36.837 [main] INFO  nextflow.cli.CmdRun - N E X T F L O W  ~  version 22.04.3
Aug-02 18:21:37.657 [main] DEBUG nextflow.scm.AssetManager - Git config: /Users/timbarry/.nextflow/assets/timothy-barry/simulatr-pipeline/.git/config; branch: main; remote: origin; url: https://github.com/timothy-barry/simulatr-pipeline.git
Aug-02 18:21:37.673 [main] DEBUG nextflow.scm.AssetManager - Git config: /Users/timbarry/.nextflow/assets/timothy-barry/simulatr-pipeline/.git/config; branch: main; remote: origin; url: https://github.com/timothy-barry/simulatr-pipeline.git
Aug-02 18:21:38.320 [main] DEBUG nextflow.config.ConfigBuilder - Found config home: /Users/timbarry/.nextflow/config
Aug-02 18:21:38.321 [main] DEBUG nextflow.config.ConfigBuilder - Found config base: /Users/timbarry/.nextflow/assets/timothy-barry/simulatr-pipeline/nextflow.config
Aug-02 18:21:38.321 [main] DEBUG nextflow.config.ConfigBuilder - Parsing config file: /Users/timbarry/.nextflow/config
Aug-02 18:21:38.322 [main] DEBUG nextflow.config.ConfigBuilder - Parsing config file: /Users/timbarry/.nextflow/assets/timothy-barry/simulatr-pipeline/nextflow.config
Aug-02 18:21:38.331 [main] DEBUG nextflow.config.ConfigBuilder - Applying config profile: `standard`
Aug-02 18:21:38.362 [main] DEBUG nextflow.config.ConfigBuilder - Applying config profile: `standard`
Aug-02 18:21:38.405 [main] DEBUG nextflow.cli.CmdRun - Applied DSL=1 by probing script field
Aug-02 18:21:38.406 [main] INFO  nextflow.cli.CmdRun - Launching `https://github.com/timothy-barry/simulatr-pipeline` [serene_watson] DSL1 - revision: 0166ab1f78 [main]
Aug-02 18:21:38.420 [main] DEBUG nextflow.plugin.PluginsFacade - Setting up plugin manager > mode=prod; plugins-dir=/Users/timbarry/.nextflow/plugins; core-plugins: nf-amazon@1.7.2,nf-azure@0.13.2,nf-console@1.0.3,nf-ga4gh@1.0.3,nf-google@1.1.4,nf-sqldb@0.4.0,nf-tower@1.4.0
Aug-02 18:21:38.422 [main] DEBUG nextflow.plugin.PluginsFacade - Plugins default=[]
Aug-02 18:21:38.432 [main] INFO  org.pf4j.DefaultPluginStatusProvider - Enabled plugins: []
Aug-02 18:21:38.433 [main] INFO  org.pf4j.DefaultPluginStatusProvider - Disabled plugins: []
Aug-02 18:21:38.438 [main] INFO  org.pf4j.DefaultPluginManager - PF4J version 3.4.1 in 'deployment' mode
Aug-02 18:21:38.446 [main] INFO  org.pf4j.AbstractPluginManager - No plugins
Aug-02 18:21:38.500 [main] DEBUG nextflow.Session - Session uuid: 780a248b-3ca4-4021-9f44-8b58ba240593
Aug-02 18:21:38.500 [main] DEBUG nextflow.Session - Run name: serene_watson
Aug-02 18:21:38.500 [main] DEBUG nextflow.Session - Executor pool size: 8
Aug-02 18:21:38.515 [main] DEBUG nextflow.cli.CmdRun - 
  Version: 22.04.3 build 5703
  Created: 18-05-2022 19:22 UTC (15:22 EDT)
  System: Mac OS X 10.16
  Runtime: Groovy 3.0.10 on OpenJDK 64-Bit Server VM 1.8.0_242-b08
  Encoding: UTF-8 (UTF-8)
  Process: 36548@Tims-MacBook-Pro-2021.local [127.0.0.1]
  CPUs: 8 - Mem: 16 GB (3 GB) - Swap: 2 GB (1.3 GB)
Aug-02 18:21:38.528 [main] DEBUG nextflow.Session - Work-dir: /Users/timbarry/research_offsite/work [Mac OS X]
Aug-02 18:21:38.547 [main] DEBUG nextflow.executor.ExecutorFactory - Extension executors providers=[]
Aug-02 18:21:38.559 [main] DEBUG nextflow.Session - Observer factory: DefaultObserverFactory
Aug-02 18:21:38.605 [main] DEBUG nextflow.cache.CacheFactory - Using Nextflow cache factory: nextflow.cache.DefaultCacheFactory
Aug-02 18:21:38.617 [main] DEBUG nextflow.util.CustomThreadPool - Creating default thread pool > poolSize: 9; maxThreads: 1000
Aug-02 18:21:38.684 [main] DEBUG nextflow.Session - Session start invoked
Aug-02 18:21:39.249 [main] DEBUG nextflow.script.ScriptRunner - > Launching execution
Aug-02 18:21:39.326 [main] DEBUG nextflow.executor.ExecutorFactory - << taskConfig executor: null
Aug-02 18:21:39.326 [main] DEBUG nextflow.executor.ExecutorFactory - >> processorType: 'local'
Aug-02 18:21:39.331 [main] DEBUG nextflow.executor.Executor - [warm up] executor > local
Aug-02 18:21:39.444 [main] DEBUG n.processor.LocalPollingMonitor - Creating local task monitor for executor 'local' > cpus=8; memory=16 GB; capacity=8; pollInterval=100ms; dumpInterval=5m
Aug-02 18:21:39.617 [main] DEBUG nextflow.executor.ExecutorFactory - << taskConfig executor: null
Aug-02 18:21:39.617 [main] DEBUG nextflow.executor.ExecutorFactory - >> processorType: 'local'
Aug-02 18:21:39.629 [main] DEBUG nextflow.executor.ExecutorFactory - << taskConfig executor: null
Aug-02 18:21:39.630 [main] DEBUG nextflow.executor.ExecutorFactory - >> processorType: 'local'
Aug-02 18:21:39.631 [Actor Thread 3] DEBUG nextflow.util.CacheHelper - Hash asset file sha-256: /Users/timbarry/.nextflow/assets/timothy-barry/simulatr-pipeline/bin/get_info_for_nextflow.R
Aug-02 18:21:39.652 [main] DEBUG nextflow.executor.ExecutorFactory - << taskConfig executor: null
Aug-02 18:21:39.652 [main] DEBUG nextflow.executor.ExecutorFactory - >> processorType: 'local'
Aug-02 18:21:39.658 [main] DEBUG nextflow.Session - Workflow process names [dsl1]: obtain_basic_info, run_simulation_chunk, run_benchmark, evaluate_methods
Aug-02 18:21:39.658 [main] DEBUG nextflow.script.ScriptRunner - > Await termination 
Aug-02 18:21:39.658 [main] DEBUG nextflow.Session - Session await
Aug-02 18:21:39.696 [Task submitter] DEBUG nextflow.executor.LocalTaskHandler - Launch cmd line: /bin/bash -ue .command.run
Aug-02 18:21:39.701 [Task submitter] INFO  nextflow.Session - [37/0cf3fd] Submitted process > obtain_basic_info
Aug-02 18:21:40.231 [Task monitor] DEBUG n.processor.TaskPollingMonitor - Task completed > TaskHandler[id: 1; name: obtain_basic_info; status: COMPLETED; exit: 0; error: -; workDir: /Users/timbarry/research_offsite/work/37/0cf3fd57d090dc940846331b61fccd]
Aug-02 18:21:40.325 [Actor Thread 10] DEBUG nextflow.util.CacheHelper - Hash asset file sha-256: /Users/timbarry/.nextflow/assets/timothy-barry/simulatr-pipeline/bin/run_benchmark.R
Aug-02 18:21:40.337 [Task submitter] DEBUG nextflow.executor.LocalTaskHandler - Launch cmd line: /bin/bash -ue .command.run
Aug-02 18:21:40.338 [Task submitter] INFO  nextflow.Session - [35/325c5c] Submitted process > run_benchmark (method: glmeiv_fast; grid row: 1)
Aug-02 18:21:40.384 [Task submitter] DEBUG nextflow.executor.LocalTaskHandler - Launch cmd line: /bin/bash -ue .command.run
Aug-02 18:21:40.385 [Task submitter] INFO  nextflow.Session - [c8/d0d4d0] Submitted process > run_benchmark (method: glmeiv_slow; grid row: 2)
Aug-02 18:21:40.395 [Task submitter] DEBUG nextflow.executor.LocalTaskHandler - Launch cmd line: /bin/bash -ue .command.run
Aug-02 18:21:40.395 [Task submitter] INFO  nextflow.Session - [e2/4d1752] Submitted process > run_benchmark (method: glmeiv_fast; grid row: 4)
Aug-02 18:21:40.406 [Task submitter] DEBUG nextflow.executor.LocalTaskHandler - Launch cmd line: /bin/bash -ue .command.run
Aug-02 18:21:40.407 [Task submitter] INFO  nextflow.Session - [8e/dde724] Submitted process > run_benchmark (method: glmeiv_fast; grid row: 2)
Aug-02 18:21:46.378 [SIGINT handler] DEBUG nextflow.Session - Session aborted -- Cause: SIGINT
Aug-02 18:21:46.409 [SIGINT handler] DEBUG nextflow.Session - The following nodes are still active:
[process] run_simulation_chunk
  status=ACTIVE
  port 0: (queue) OPEN  ; channel: -
  port 1: (cntrl) -     ; channel: $

[process] evaluate_methods
  status=ACTIVE
  port 0: (value) OPEN  ; channel: chunk_result
  port 1: (value) OPEN  ; channel: benchmarking_info
  port 2: (cntrl) -     ; channel: $

Aug-02 18:21:46.418 [main] DEBUG nextflow.Session - Session await > all process finished
Aug-02 18:21:46.418 [main] DEBUG nextflow.Session - Session await > all barriers passed
Aug-02 18:21:46.431 [main] WARN  n.processor.TaskPollingMonitor - Killing running tasks (4)
Aug-02 18:21:46.462 [main] DEBUG nextflow.executor.LocalTaskHandler - Unable to kill run_benchmark (method: glmeiv_fast; grid row: 1) -- command: kill -TERM 36612; exit: 1 
 bash: line 0: kill: (36612) - No such process

Aug-02 18:21:46.475 [main] DEBUG nextflow.executor.LocalTaskHandler - Unable to kill run_benchmark (method: glmeiv_slow; grid row: 2) -- command: kill -TERM 36624; exit: 1 
 bash: line 0: kill: (36624) - No such process

Aug-02 18:21:46.504 [main] DEBUG nextflow.executor.LocalTaskHandler - Unable to kill run_benchmark (method: glmeiv_fast; grid row: 2) -- command: kill -TERM 36635; exit: 1 
 bash: line 0: kill: (36635) - No such process

Aug-02 18:21:46.506 [main] DEBUG nextflow.trace.WorkflowStatsObserver - Workflow completed > WorkflowStats[succeededCount=1; failedCount=0; ignoredCount=0; cachedCount=0; pendingCount=59; submittedCount=0; runningCount=0; retriesCount=0; abortedCount=4; succeedDuration=471ms; failedDuration=0ms; cachedDuration=0ms;loadCpus=0; loadMemory=0; peakRunning=4; peakCpus=4; peakMemory=16 GB; ]
Aug-02 18:21:46.517 [main] DEBUG nextflow.cache.CacheDB - Closing CacheDB done
Aug-02 18:21:46.531 [main] DEBUG nextflow.script.ScriptRunner - > Execution complete -- Goodbye
