This is pdfTeX, Version 3.14159265-2.6-1.40.19 (TeX Live 2018) (preloaded format=pdflatex 2018.4.16)  7 DEC 2021 01:56
entering extended mode
 restricted \write18 enabled.
 %&-line parsing enabled.
**draft.tex
(./draft.tex
LaTeX2e <2018-04-01> patch level 2
Babel <3.18> and hyphenation patterns for 84 language(s) loaded.
(/usr/local/texlive/2018/texmf-dist/tex/latex/base/article.cls
Document Class: article 2014/09/29 v1.4h Standard LaTeX document class
(/usr/local/texlive/2018/texmf-dist/tex/latex/base/size12.clo
File: size12.clo 2014/09/29 v1.4h Standard LaTeX file (size option)
)
\c@part=\count80
\c@section=\count81
\c@subsection=\count82
\c@subsubsection=\count83
\c@paragraph=\count84
\c@subparagraph=\count85
\c@figure=\count86
\c@table=\count87
\abovecaptionskip=\skip41
\belowcaptionskip=\skip42
\bibindent=\dimen102
)
(/usr/local/texlive/2018/texmf-dist/tex/latex/geometry/geometry.sty
Package: geometry 2018/03/24 v5.7 Page Geometry

(/usr/local/texlive/2018/texmf-dist/tex/latex/graphics/keyval.sty
Package: keyval 2014/10/28 v1.15 key=value parser (DPC)
\KV@toks@=\toks14
)
(/usr/local/texlive/2018/texmf-dist/tex/generic/oberdiek/ifpdf.sty
Package: ifpdf 2017/03/15 v3.2 Provides the ifpdf switch
)
(/usr/local/texlive/2018/texmf-dist/tex/generic/oberdiek/ifvtex.sty
Package: ifvtex 2016/05/16 v1.6 Detect VTeX and its facilities (HO)
Package ifvtex Info: VTeX not detected.
)
(/usr/local/texlive/2018/texmf-dist/tex/generic/ifxetex/ifxetex.sty
Package: ifxetex 2010/09/12 v0.6 Provides ifxetex conditional
)
\Gm@cnth=\count88
\Gm@cntv=\count89
\c@Gm@tempcnt=\count90
\Gm@bindingoffset=\dimen103
\Gm@wd@mp=\dimen104
\Gm@odd@mp=\dimen105
\Gm@even@mp=\dimen106
\Gm@layoutwidth=\dimen107
\Gm@layoutheight=\dimen108
\Gm@layouthoffset=\dimen109
\Gm@layoutvoffset=\dimen110
\Gm@dimlist=\toks15
)
(/usr/local/texlive/2018/texmf-dist/tex/latex/amsfonts/amsfonts.sty
Package: amsfonts 2013/01/14 v3.01 Basic AMSFonts support
\@emptytoks=\toks16
\symAMSa=\mathgroup4
\symAMSb=\mathgroup5
LaTeX Font Info:    Overwriting math alphabet `\mathfrak' in version `bold'
(Font)                  U/euf/m/n --> U/euf/b/n on input line 106.
)
(/usr/local/texlive/2018/texmf-dist/tex/latex/comment/comment.sty
\CommentStream=\write3

Excluding comment 'comment')
(/usr/local/texlive/2018/texmf-dist/tex/latex/amsmath/amsmath.sty
Package: amsmath 2017/09/02 v2.17a AMS math features
\@mathmargin=\skip43

For additional information on amsmath, use the `?' option.
(/usr/local/texlive/2018/texmf-dist/tex/latex/amsmath/amstext.sty
Package: amstext 2000/06/29 v2.01 AMS text

(/usr/local/texlive/2018/texmf-dist/tex/latex/amsmath/amsgen.sty
File: amsgen.sty 1999/11/30 v2.0 generic functions
\@emptytoks=\toks17
\ex@=\dimen111
))
(/usr/local/texlive/2018/texmf-dist/tex/latex/amsmath/amsbsy.sty
Package: amsbsy 1999/11/29 v1.2d Bold Symbols
\pmbraise@=\dimen112
)
(/usr/local/texlive/2018/texmf-dist/tex/latex/amsmath/amsopn.sty
Package: amsopn 2016/03/08 v2.02 operator names
)
\inf@bad=\count91
LaTeX Info: Redefining \frac on input line 213.
\uproot@=\count92
\leftroot@=\count93
LaTeX Info: Redefining \overline on input line 375.
\classnum@=\count94
\DOTSCASE@=\count95
LaTeX Info: Redefining \ldots on input line 472.
LaTeX Info: Redefining \dots on input line 475.
LaTeX Info: Redefining \cdots on input line 596.
\Mathstrutbox@=\box26
\strutbox@=\box27
\big@size=\dimen113
LaTeX Font Info:    Redeclaring font encoding OML on input line 712.
LaTeX Font Info:    Redeclaring font encoding OMS on input line 713.
\macc@depth=\count96
\c@MaxMatrixCols=\count97
\dotsspace@=\muskip10
\c@parentequation=\count98
\dspbrk@lvl=\count99
\tag@help=\toks18
\row@=\count100
\column@=\count101
\maxfields@=\count102
\andhelp@=\toks19
\eqnshift@=\dimen114
\alignsep@=\dimen115
\tagshift@=\dimen116
\tagwidth@=\dimen117
\totwidth@=\dimen118
\lineht@=\dimen119
\@envbody=\toks20
\multlinegap=\skip44
\multlinetaggap=\skip45
\mathdisplay@stack=\toks21
LaTeX Info: Redefining \[ on input line 2817.
LaTeX Info: Redefining \] on input line 2818.
)
(/usr/local/texlive/2018/texmf-dist/tex/latex/graphics/graphicx.sty
Package: graphicx 2017/06/01 v1.1a Enhanced LaTeX Graphics (DPC,SPQR)

(/usr/local/texlive/2018/texmf-dist/tex/latex/graphics/graphics.sty
Package: graphics 2017/06/25 v1.2c Standard LaTeX Graphics (DPC,SPQR)

(/usr/local/texlive/2018/texmf-dist/tex/latex/graphics/trig.sty
Package: trig 2016/01/03 v1.10 sin cos tan (DPC)
)
(/usr/local/texlive/2018/texmf-dist/tex/latex/graphics-cfg/graphics.cfg
File: graphics.cfg 2016/06/04 v1.11 sample graphics configuration
)
Package graphics Info: Driver file: pdftex.def on input line 99.

(/usr/local/texlive/2018/texmf-dist/tex/latex/graphics-def/pdftex.def
File: pdftex.def 2018/01/08 v1.0l Graphics/color driver for pdftex
))
\Gin@req@height=\dimen120
\Gin@req@width=\dimen121
)
(/usr/local/texlive/2018/texmf-dist/tex/latex/algorithms/algorithm.sty
Package: algorithm 2009/08/24 v0.1 Document Style `algorithm' - floating enviro
nment

(/usr/local/texlive/2018/texmf-dist/tex/latex/float/float.sty
Package: float 2001/11/08 v1.3d Float enhancements (AL)
\c@float@type=\count103
\float@exts=\toks22
\float@box=\box28
\@float@everytoks=\toks23
\@floatcapt=\box29
)
(/usr/local/texlive/2018/texmf-dist/tex/latex/base/ifthen.sty
Package: ifthen 2014/09/29 v1.1c Standard LaTeX ifthen package (DPC)
)
\@float@every@algorithm=\toks24
\c@algorithm=\count104
)
(/usr/local/texlive/2018/texmf-dist/tex/latex/tools/tabularx.sty
Package: tabularx 2016/02/03 v2.11b `tabularx' package (DPC)

(/usr/local/texlive/2018/texmf-dist/tex/latex/tools/array.sty
Package: array 2018/04/07 v2.4g Tabular extension package (FMi)
\col@sep=\dimen122
\ar@mcellbox=\box30
\extrarowheight=\dimen123
\NC@list=\toks25
\extratabsurround=\skip46
\backup@length=\skip47
\ar@cellbox=\box31
)
\TX@col@width=\dimen124
\TX@old@table=\dimen125
\TX@old@col=\dimen126
\TX@target=\dimen127
\TX@delta=\dimen128
\TX@cols=\count105
\TX@ftn=\toks26
)
(/usr/local/texlive/2018/texmf-dist/tex/latex/amsfonts/amssymb.sty
Package: amssymb 2013/01/14 v3.01 AMS font symbols
)
(/usr/local/texlive/2018/texmf-dist/tex/latex/appendix/appendix.sty
Package: appendix 2009/09/02 v1.2b extra appendix facilities
\c@@pps=\count106
\c@@ppsavesec=\count107
\c@@ppsaveapp=\count108
)
(/usr/local/texlive/2018/texmf-dist/tex/latex/algorithmicx/algpseudocode.sty
Package: algpseudocode 

(/usr/local/texlive/2018/texmf-dist/tex/latex/algorithmicx/algorithmicx.sty
Package: algorithmicx 2005/04/27 v1.2 Algorithmicx

Document Style algorithmicx 1.2 - a greatly improved `algorithmic' style
\c@ALG@line=\count109
\c@ALG@rem=\count110
\c@ALG@nested=\count111
\ALG@tlm=\skip48
\ALG@thistlm=\skip49
\c@ALG@Lnr=\count112
\c@ALG@blocknr=\count113
\c@ALG@storecount=\count114
\c@ALG@tmpcounter=\count115
\ALG@tmplength=\skip50
)
Document Style - pseudocode environments for use with the `algorithmicx' style
) (/usr/local/texlive/2018/texmf-dist/tex/latex/xcolor/xcolor.sty
Package: xcolor 2016/05/11 v2.12 LaTeX color extensions (UK)

(/usr/local/texlive/2018/texmf-dist/tex/latex/graphics-cfg/color.cfg
File: color.cfg 2016/01/02 v1.6 sample color configuration
)
Package xcolor Info: Driver file: pdftex.def on input line 225.
Package xcolor Info: Model `cmy' substituted by `cmy0' on input line 1348.
Package xcolor Info: Model `hsb' substituted by `rgb' on input line 1352.
Package xcolor Info: Model `RGB' extended on input line 1364.
Package xcolor Info: Model `HTML' substituted by `rgb' on input line 1366.
Package xcolor Info: Model `Hsb' substituted by `hsb' on input line 1367.
Package xcolor Info: Model `tHsb' substituted by `hsb' on input line 1368.
Package xcolor Info: Model `HSB' substituted by `hsb' on input line 1369.
Package xcolor Info: Model `Gray' substituted by `gray' on input line 1370.
Package xcolor Info: Model `wave' substituted by `hsb' on input line 1371.
)
\c@proposition=\count116
\c@lemma=\count117

(/usr/local/texlive/2018/texmf-dist/tex/latex/subfig/subfig.sty
Package: subfig 2005/06/28 ver: 1.3 subfig package

(/usr/local/texlive/2018/texmf-dist/tex/latex/caption/caption3.sty
Package: caption3 2016/05/22 v1.7-166 caption3 kernel (AR)
Package caption3 Info: TeX engine: e-TeX on input line 67.
\captionmargin=\dimen129
\captionmargin@=\dimen130
\captionwidth=\dimen131
\caption@tempdima=\dimen132
\caption@indent=\dimen133
\caption@parindent=\dimen134
\caption@hangindent=\dimen135
)
\c@KVtest=\count118
\sf@farskip=\skip51
\sf@captopadj=\dimen136
\sf@capskip=\skip52
\sf@nearskip=\skip53
\c@subfigure=\count119
\c@subfigure@save=\count120
\c@lofdepth=\count121
\c@subtable=\count122
\c@subtable@save=\count123
\c@lotdepth=\count124
\sf@top=\skip54
\sf@bottom=\skip55
)
(/Users/timbarry/optionFiles/mymacros.sty) (./draft.aux)
\openout1 = `draft.aux'.

LaTeX Font Info:    Checking defaults for OML/cmm/m/it on input line 35.
LaTeX Font Info:    ... okay on input line 35.
LaTeX Font Info:    Checking defaults for T1/cmr/m/n on input line 35.
LaTeX Font Info:    ... okay on input line 35.
LaTeX Font Info:    Checking defaults for OT1/cmr/m/n on input line 35.
LaTeX Font Info:    ... okay on input line 35.
LaTeX Font Info:    Checking defaults for OMS/cmsy/m/n on input line 35.
LaTeX Font Info:    ... okay on input line 35.
LaTeX Font Info:    Checking defaults for OMX/cmex/m/n on input line 35.
LaTeX Font Info:    ... okay on input line 35.
LaTeX Font Info:    Checking defaults for U/cmr/m/n on input line 35.
LaTeX Font Info:    ... okay on input line 35.

*geometry* driver: auto-detecting
*geometry* detected driver: pdftex
*geometry* verbose mode - [ preamble ] result:
* driver: pdftex
* paper: <default>
* layout: <same size as paper>
* layoutoffset:(h,v)=(0.0pt,0.0pt)
* modes: 
* h-part:(L,W,R)=(79.49744pt, 455.30013pt, 79.49744pt)
* v-part:(T,H,B)=(85.27806pt, 624.41386pt, 85.27806pt)
* \paperwidth=614.295pt
* \paperheight=794.96999pt
* \textwidth=455.30013pt
* \textheight=624.41386pt
* \oddsidemargin=7.22745pt
* \evensidemargin=7.22745pt
* \topmargin=-23.99193pt
* \headheight=12.0pt
* \headsep=25.0pt
* \topskip=12.0pt
* \footskip=30.0pt
* \marginparwidth=44.0pt
* \marginparsep=10.0pt
* \columnsep=10.0pt
* \skip\footins=10.8pt plus 4.0pt minus 2.0pt
* \hoffset=0.0pt
* \voffset=0.0pt
* \mag=1000
* \@twocolumnfalse
* \@twosidefalse
* \@mparswitchfalse
* \@reversemarginfalse
* (1in=72.27pt=25.4mm, 1cm=28.453pt)

(/usr/local/texlive/2018/texmf-dist/tex/context/base/mkii/supp-pdf.mkii
[Loading MPS to PDF converter (version 2006.09.02).]
\scratchcounter=\count125
\scratchdimen=\dimen137
\scratchbox=\box32
\nofMPsegments=\count126
\nofMParguments=\count127
\everyMPshowfont=\toks27
\MPscratchCnt=\count128
\MPscratchDim=\dimen138
\MPnumerator=\count129
\makeMPintoPDFobject=\count130
\everyMPtoPDFconversion=\toks28
) (/usr/local/texlive/2018/texmf-dist/tex/latex/oberdiek/epstopdf-base.sty
Package: epstopdf-base 2016/05/15 v2.6 Base part for package epstopdf

(/usr/local/texlive/2018/texmf-dist/tex/generic/oberdiek/infwarerr.sty
Package: infwarerr 2016/05/16 v1.4 Providing info/warning/error messages (HO)
)
(/usr/local/texlive/2018/texmf-dist/tex/latex/oberdiek/grfext.sty
Package: grfext 2016/05/16 v1.2 Manage graphics extensions (HO)

(/usr/local/texlive/2018/texmf-dist/tex/generic/oberdiek/kvdefinekeys.sty
Package: kvdefinekeys 2016/05/16 v1.4 Define keys (HO)

(/usr/local/texlive/2018/texmf-dist/tex/generic/oberdiek/ltxcmds.sty
Package: ltxcmds 2016/05/16 v1.23 LaTeX kernel commands for general use (HO)
)))
(/usr/local/texlive/2018/texmf-dist/tex/latex/oberdiek/kvoptions.sty
Package: kvoptions 2016/05/16 v3.12 Key value format for package options (HO)

(/usr/local/texlive/2018/texmf-dist/tex/generic/oberdiek/kvsetkeys.sty
Package: kvsetkeys 2016/05/16 v1.17 Key value parser (HO)

(/usr/local/texlive/2018/texmf-dist/tex/generic/oberdiek/etexcmds.sty
Package: etexcmds 2016/05/16 v1.6 Avoid name clashes with e-TeX commands (HO)

(/usr/local/texlive/2018/texmf-dist/tex/generic/oberdiek/ifluatex.sty
Package: ifluatex 2016/05/16 v1.4 Provides the ifluatex switch (HO)
Package ifluatex Info: LuaTeX not detected.
)
Package etexcmds Info: Could not find \expanded.
(etexcmds)             That can mean that you are not using pdfTeX 1.50 or
(etexcmds)             that some package has redefined \expanded.
(etexcmds)             In the latter case, load this package earlier.
)))
(/usr/local/texlive/2018/texmf-dist/tex/generic/oberdiek/pdftexcmds.sty
Package: pdftexcmds 2018/01/30 v0.27 Utility functions of pdfTeX for LuaTeX (HO
)
Package pdftexcmds Info: LuaTeX not detected.
Package pdftexcmds Info: \pdf@primitive is available.
Package pdftexcmds Info: \pdf@ifprimitive is available.
Package pdftexcmds Info: \pdfdraftmode found.
)
Package epstopdf-base Info: Redefining graphics rule for `.eps' on input line 4
38.
Package grfext Info: Graphics extension search list:
(grfext)             [.pdf,.png,.jpg,.mps,.jpeg,.jbig2,.jb2,.PDF,.PNG,.JPG,.JPE
G,.JBIG2,.JB2,.eps]
(grfext)             \AppendGraphicsExtensions on input line 456.

(/usr/local/texlive/2018/texmf-dist/tex/latex/latexconfig/epstopdf-sys.cfg
File: epstopdf-sys.cfg 2010/07/13 v1.3 Configuration of (r)epstopdf for TeX Liv
e
))
Package caption Info: Begin \AtBeginDocument code.
Package caption Info: subfig package v1.3 is loaded.
Package caption Info: End \AtBeginDocument code.

(./draft.toc
LaTeX Font Info:    Try loading font information for U+msa on input line 3.
 (/usr/local/texlive/2018/texmf-dist/tex/latex/amsfonts/umsa.fd
File: umsa.fd 2013/01/14 v3.01 AMS symbols A
)
LaTeX Font Info:    Try loading font information for U+msb on input line 3.

(/usr/local/texlive/2018/texmf-dist/tex/latex/amsfonts/umsb.fd
File: umsb.fd 2013/01/14 v3.01 AMS symbols B
) [1

{/usr/local/texlive/2018/texmf-var/fonts/map/pdftex/updmap/pdftex.map}])
\tf@toc=\write4
\openout4 = `draft.toc'.

 [2] [3]
<../../figures/analysis_challenges/plot.pdf, id=20, 1250.27098pt x 879.285pt>
File: ../../figures/analysis_challenges/plot.pdf Graphic file (type pdf)
<use ../../figures/analysis_challenges/plot.pdf>
Package pdftex.def Info: ../../figures/analysis_challenges/plot.pdf  used on in
put line 73.
(pdftex.def)             Requested size: 455.30013pt x 320.20514pt.
 [4]
[5] [6 <../../figures/analysis_challenges/plot.pdf>] [7] [8]
<../../figures/thresholding_empirical/plot.jpeg, id=67, 1806.75pt x 1806.75pt>
File: ../../figures/thresholding_empirical/plot.jpeg Graphic file (type jpg)
<use ../../figures/thresholding_empirical/plot.jpeg>
Package pdftex.def Info: ../../figures/thresholding_empirical/plot.jpeg  used o
n input line 123.
(pdftex.def)             Requested size: 455.30013pt x 455.2979pt.


LaTeX Warning: `!h' float specifier changed to `!ht'.

[9]
Overfull \vbox (9.46735pt too high) has occurred while \output is active []


[10 <../../figures/thresholding_empirical/plot.jpeg>] [11]
LaTeX Font Info:    Try loading font information for OMS+cmr on input line 174.


(/usr/local/texlive/2018/texmf-dist/tex/latex/base/omscmr.fd
File: omscmr.fd 2014/09/29 v2.5h Standard LaTeX font definitions
)
LaTeX Font Info:    Font shape `OMS/cmr/m/n' in size <12> not available
(Font)              Font shape `OMS/cmsy/m/n' tried instead on input line 174.
 [12]
Overfull \hbox (17.0869pt too wide) in paragraph at lines 196--196
[]\OT1/cmr/m/it/12 Assume with-out loss of gen-er-al-ity that $\OML/cmm/m/it/12
 ^^L[] > \OT1/cmr/m/n/12 0$\OT1/cmr/m/it/12 . For $\OML/cmm/m/it/12 ^^L[] \OMS/
cmsy/m/n/12 2 \OT1/cmr/m/n/12 [0\OML/cmm/m/it/12 ; \OT1/cmr/m/n/12 2^^H[](3\OML
/cmm/m/it/12 =\OT1/cmr/m/n/12 4))$\OT1/cmr/m/it/12 ,
 []

<../../figures/thresholding_theoretical/plot.jpeg, id=81, 2023.56pt x 1349.04pt
>
File: ../../figures/thresholding_theoretical/plot.jpeg Graphic file (type jpg)
<use ../../figures/thresholding_theoretical/plot.jpeg>
Package pdftex.def Info: ../../figures/thresholding_theoretical/plot.jpeg  used
 on input line 216.
(pdftex.def)             Requested size: 455.30013pt x 303.5209pt.

LaTeX Warning: `!h' float specifier changed to `!ht'.

[13] [14 <../../figures/thresholding_theoretical/plot.jpeg>] [15] [16] [17]
[18] [19] [20] [21] [22] [23]
<../../figures/main_text_sim/plot.pdf, id=120, 429.605pt x 530.98375pt>
File: ../../figures/main_text_sim/plot.pdf Graphic file (type pdf)
<use ../../figures/main_text_sim/plot.pdf>
Package pdftex.def Info: ../../figures/main_text_sim/plot.pdf  used on input li
ne 481.
(pdftex.def)             Requested size: 409.76732pt x 506.47343pt.
 [24] [25 <../../figures/main_text_sim/plot.pdf>]
[26]
<../../figures/data_analysis/annotated_plot_crop.pdf, id=137, 949.5475pt x 1084
.05pt>
File: ../../figures/data_analysis/annotated_plot_crop.pdf Graphic file (type pd
f)
<use ../../figures/data_analysis/annotated_plot_crop.pdf>
Package pdftex.def Info: ../../figures/data_analysis/annotated_plot_crop.pdf  u
sed on input line 508.
(pdftex.def)             Requested size: 409.76732pt x 467.80309pt.
<../../figures/dec_tree/dec_tree_crop.pdf, id=138, 1111.15125pt x 415.5525pt>
File: ../../figures/dec_tree/dec_tree_crop.pdf Graphic file (type pdf)
<use ../../figures/dec_tree/dec_tree_crop.pdf>
Package pdftex.def Info: ../../figures/dec_tree/dec_tree_crop.pdf  used on inpu
t line 520.
(pdftex.def)             Requested size: 409.76732pt x 153.24475pt.
 [27] [28 <../../figures/data_analysis/annotated_plot_crop.pdf>]
(./draft.bbl [29 <../../figures/dec_tree/dec_tree_crop.pdf>] [30] [31])
[32] [33] [34] [35] [36] [37]
Overfull \hbox (19.85266pt too wide) in paragraph at lines 683--683
[]\OT1/cmr/bx/n/14.4 Comparing Bayes-optimal de-ci-sion bound-ary and large thr
esh-
 []


Overfull \hbox (11.84581pt too wide) in paragraph at lines 693--694
\OT1/cmr/m/n/12 We con-clude that $\OML/cmm/m/it/12 b\OT1/cmr/m/n/12 (\OML/cmm/
m/it/12 ^^L[]; c[]; \OT1/cmr/m/n/12 1\OML/cmm/m/it/12 =\OT1/cmr/m/n/12 2) \OML/
cmm/m/it/12 > b\OT1/cmr/m/n/12 (\OML/cmm/m/it/12 ^^L[]; \OMS/cmsy/m/n/12 1\OML/
cmm/m/it/12 ; \OT1/cmr/m/n/12 1\OML/cmm/m/it/12 =\OT1/cmr/m/n/12 2)$ on $\OML/c
mm/m/it/12 ^^L[] \OMS/cmsy/m/n/12 2 \OT1/cmr/m/n/12 [0\OML/cmm/m/it/12 ; \OT1/c
mr/m/n/12 2^^H[](3\OML/cmm/m/it/12 =\OT1/cmr/m/n/12 4))$; $\OML/cmm/m/it/12 b\O
T1/cmr/m/n/12 (\OML/cmm/m/it/12 ^^L[]; c[]; \OT1/cmr/m/n/12 1\OML/cmm/m/it/12 =
\OT1/cmr/m/n/12 2) =
 []


Overfull \hbox (27.53612pt too wide) in paragraph at lines 693--694
\OML/cmm/m/it/12 b\OT1/cmr/m/n/12 (\OML/cmm/m/it/12 ^^L[]; \OMS/cmsy/m/n/12 1\O
ML/cmm/m/it/12 ; \OT1/cmr/m/n/12 1\OML/cmm/m/it/12 =\OT1/cmr/m/n/12 2)$ for $\O
ML/cmm/m/it/12 ^^L[] \OT1/cmr/m/n/12 = 2^^H[](3\OML/cmm/m/it/12 =\OT1/cmr/m/n/1
2 4)$; and $\OML/cmm/m/it/12 b\OT1/cmr/m/n/12 (\OML/cmm/m/it/12 ^^L[]; c[]; \OT
1/cmr/m/n/12 1\OML/cmm/m/it/12 =\OT1/cmr/m/n/12 2) \OML/cmm/m/it/12 < b\OT1/cmr
/m/n/12 (\OML/cmm/m/it/12 ^^L[]; \OMS/cmsy/m/n/12 1\OML/cmm/m/it/12 ; \OT1/cmr/
m/n/12 1\OML/cmm/m/it/12 =\OT1/cmr/m/n/12 2)$ on $\OML/cmm/m/it/12 ^^L[] \OMS/c
msy/m/n/12 2 \OT1/cmr/m/n/12 (2^^H[](3\OML/cmm/m/it/12 =\OT1/cmr/m/n/12 4)\OML/
cmm/m/it/12 ; \OMS/cmsy/m/n/12 1\OT1/cmr/m/n/12 )$. 
 []

[38] [39]
Overfull \hbox (1.75761pt too wide) in paragraph at lines 765--767
\OT1/cmr/m/n/12 We con-clude by (42[]) and (43[]) that $\OML/cmm/m/it/12 ^^M$ \
OT1/cmr/m/n/12 is mono-ton-i-cally in-creas-ing in $\OML/cmm/m/it/12 ^^L[]$\OT1
/cmr/m/n/12 . Fi-nally, $\OML/cmm/m/it/12 b\OT1/cmr/m/n/12 (\OML/cmm/m/it/12 ^^
L[]; c; ^^Y\OT1/cmr/m/n/12 ) =
 []


Underfull \hbox (badness 2980) detected at line 777
 []$[]   [] \OML/cmm/m/it/12 ^^M\OT1/cmr/m/n/12 (\OML/cmm/m/it/12 ^^L[]; c; \OT
1/cmr/m/n/12 1\OML/cmm/m/it/12 =\OT1/cmr/m/n/12 2) = [] = [] \OML/cmm/m/it/12 >
 \OMS/cmsy/m/n/12 ^^@\OT1/cmr/m/n/12 1\OML/cmm/m/it/12 :  $ 
 []

[40] [41] [42] [43] [44] [45]
Overfull \hbox (36.20682pt too wide) in paragraph at lines 917--919
\OT1/cmr/m/n/12 and let the vec-tors $\OML/cmm/m/it/12 s[]\OT1/cmr/m/n/12 (\OML
/cmm/m/it/12 j\OT1/cmr/m/n/12 )$ and $\OML/cmm/m/it/12 w[]\OT1/cmr/m/n/12 (\OML
/cmm/m/it/12 j\OT1/cmr/m/n/12 )$ be de-fined anal-o-gously. The quan-ti-ties $^
^A[](\OML/cmm/m/it/12 j\OT1/cmr/m/n/12 )\OML/cmm/m/it/12 ; \OT1/cmr/m/n/12 [^^A
[]][](\OML/cmm/m/it/12 j\OT1/cmr/m/n/12 )\OML/cmm/m/it/12 ; V[]\OT1/cmr/m/n/12 
(\OML/cmm/m/it/12 j\OT1/cmr/m/n/12 )\OML/cmm/m/it/12 ;$
 []

<../../figures/info_matrix/info_matrix_background.jpg, id=230, 1323.94624pt x 1
317.92375pt>
File: ../../figures/info_matrix/info_matrix_background.jpg Graphic file (type j
pg)
<use ../../figures/info_matrix/info_matrix_background.jpg>
Package pdftex.def Info: ../../figures/info_matrix/info_matrix_background.jpg  
used on input line 929.
(pdftex.def)             Requested size: 204.88365pt x 203.9342pt.
[46]
Underfull \hbox (badness 1383) detected at line 947
 []$[]  \OMS/cmsy/m/n/12 r[]L\OT1/cmr/m/n/12 (\OML/cmm/m/it/12 ^^R\OT1/cmr/m/n/
12 ; \OML/cmm/m/it/12 m; g; p\OT1/cmr/m/n/12 ) = [] [] = [] \OMS/cmsy/m/n/12 ^^
@ []\OML/cmm/m/it/12 :  $ 
 []

[47 <../../figures/info_matrix/info_matrix_background.jpg>] [48] [49] [50]
[51] [52]
Underfull \hbox (badness 10000) in paragraph at lines 1038--1040

 []

[53] [54] [55] [56]
Overfull \hbox (2.96815pt too wide) in paragraph at lines 1152--1152
 []|\OT1/cmtt/m/n/12 mu.eta.prime| 
 []

[57] [58] [59]
<../../figures/info_matrix/info_matrix_zero_inf.jpg, id=276, 1402.23875pt x 126
0.71pt>
File: ../../figures/info_matrix/info_matrix_zero_inf.jpg Graphic file (type jpg
)
<use ../../figures/info_matrix/info_matrix_zero_inf.jpg>
Package pdftex.def Info: ../../figures/info_matrix/info_matrix_zero_inf.jpg  us
ed on input line 1220.
(pdftex.def)             Requested size: 204.88365pt x 184.19293pt.
 [60]
Overfull \hbox (7.8044pt too wide) detected at line 1246
 []$[] \OT1/cmr/m/n/12 = [] [\OML/cmm/m/it/12 k; l\OT1/cmr/m/n/12 ] \OMS/cmsy/m
/n/12 ^^@ \U/msb/m/n/12 E [] \OT1/cmr/m/n/12 [\OML/cmm/m/it/12 k; l\OT1/cmr/m/n
/12 ]$ 
 []


Overfull \hbox (20.89171pt too wide) detected at line 1246
 []$[] \OT1/cmr/m/n/12 = \U/msb/m/n/12 E [] E [] \OMS/cmsy/m/n/12 ^^@ \U/msb/m/
n/12 E []$ 
 []


Overfull \hbox (1.54306pt too wide) detected at line 1246
 []$[] \OT1/cmr/m/n/12 = [] [] \U/msb/m/n/12 E\OT1/cmr/m/n/12 [\OML/cmm/m/it/12
 x[]P[]\OT1/cmr/m/n/12 ^^A[]\OML/cmm/m/it/12 s[]\OT1/cmr/m/n/12 ]\U/msb/m/n/12 
E [] \OMS/cmsy/m/n/12 ^^@ [] \U/msb/m/n/12 E\OT1/cmr/m/n/12 [\OML/cmm/m/it/12 x
[]P[]\OT1/cmr/m/n/12 ^^A[]\OML/cmm/m/it/12 s[]\OT1/cmr/m/n/12 ]\U/msb/m/n/12 E\
OT1/cmr/m/n/12 [\OML/cmm/m/it/12 s[]P[]\OT1/cmr/m/n/12 ^^A[]\OML/cmm/m/it/12 x[
]\OT1/cmr/m/n/12 ]$ 
 []

[61 <../../figures/info_matrix/info_matrix_zero_inf.jpg>]
Overfull \hbox (33.41832pt too wide) detected at line 1251
 []$[]  \U/msb/m/n/12 E [] E [][] \OMS/cmsy/m/n/12 ^^@ \U/msb/m/n/12 E []$ 
 []

[62] [63]
Overfull \hbox (0.97153pt too wide) detected at line 1293
 []$[]  \U/msb/m/n/12 E [] E [] \OMS/cmsy/m/n/12 ^^@ \U/msb/m/n/12 E []$ 
 []


Overfull \hbox (4.16304pt too wide) detected at line 1293
 []$[] \OT1/cmr/m/n/12 = \OML/cmm/m/it/12 a [] [] \U/msb/m/n/12 E\OT1/cmr/m/n/1
2 [\OML/cmm/m/it/12 p[]\OT1/cmr/m/n/12 ]\U/msb/m/n/12 E\OT1/cmr/m/n/12 [\OML/cm
m/m/it/12 x[]p[]\OT1/cmr/m/n/12 ^^A[]\OML/cmm/m/it/12 s[]\OT1/cmr/m/n/12 ] \OMS
/cmsy/m/n/12 ^^@ \OML/cmm/m/it/12 a [] \U/msb/m/n/12 E\OT1/cmr/m/n/12 [\OML/cmm
/m/it/12 p[]\OT1/cmr/m/n/12 ]\U/msb/m/n/12 E\OT1/cmr/m/n/12 [\OML/cmm/m/it/12 x
[]p[]\OT1/cmr/m/n/12 ^^A[]\OML/cmm/m/it/12 s[]\OT1/cmr/m/n/12 ] \OMS/cmsy/m/n/1
2 ^^@ \OML/cmm/m/it/12 a [] \U/msb/m/n/12 E\OT1/cmr/m/n/12 [\OML/cmm/m/it/12 x[
]p[]\OT1/cmr/m/n/12 ^^A[]\OML/cmm/m/it/12 s[]\OT1/cmr/m/n/12 ]$ 
 []


Overfull \hbox (10.22507pt too wide) detected at line 1293
 []$[] \OT1/cmr/m/n/12 = \OML/cmm/m/it/12 a [] [] \OT1/cmr/m/n/12 = \OML/cmm/m/
it/12 a [] x[]T[]\OT1/cmr/m/n/12 (1)^^A[]\OML/cmm/m/it/12 s[] []$ 
 []

[64] [65] [66] [67] [68] [69]
<../../figures/supplement_sim/gaussian.pdf, id=309, 505.89pt x 180.675pt>
File: ../../figures/supplement_sim/gaussian.pdf Graphic file (type pdf)
<use ../../figures/supplement_sim/gaussian.pdf>
Package pdftex.def Info: ../../figures/supplement_sim/gaussian.pdf  used on inp
ut line 1396.
(pdftex.def)             Requested size: 455.30013pt x 162.6115pt.
 [70 <../../figures/supplement_sim/gaussian.pdf>]
[71] (./draft.aux) ) 
Here is how much of TeX's memory you used:
 5201 strings out of 492649
 75327 string characters out of 6129622
 162851 words of memory out of 5000000
 8963 multiletter control sequences out of 15000+600000
 15684 words of font info for 61 fonts, out of 8000000 for 9000
 1141 hyphenation exceptions out of 8191
 41i,20n,38p,2159b,417s stack positions out of 5000i,500n,10000p,200000b,80000s
</usr/local/texlive/2018/texmf-dist/fonts/type1/public/amsf
onts/cm/cmbx10.pfb></usr/local/texlive/2018/texmf-dist/fonts/type1/public/amsfo
nts/cm/cmbx12.pfb></usr/local/texlive/2018/texmf-dist/fonts/type1/public/amsfon
ts/cm/cmex10.pfb></usr/local/texlive/2018/texmf-dist/fonts/type1/public/amsfont
s/cm/cmmi10.pfb></usr/local/texlive/2018/texmf-dist/fonts/type1/public/amsfonts
/cm/cmmi12.pfb></usr/local/texlive/2018/texmf-dist/fonts/type1/public/amsfonts/
cm/cmmi6.pfb></usr/local/texlive/2018/texmf-dist/fonts/type1/public/amsfonts/cm
/cmmi8.pfb></usr/local/texlive/2018/texmf-dist/fonts/type1/public/amsfonts/cm/c
mr10.pfb></usr/local/texlive/2018/texmf-dist/fonts/type1/public/amsfonts/cm/cmr
12.pfb></usr/local/texlive/2018/texmf-dist/fonts/type1/public/amsfonts/cm/cmr6.
pfb></usr/local/texlive/2018/texmf-dist/fonts/type1/public/amsfonts/cm/cmr7.pfb
></usr/local/texlive/2018/texmf-dist/fonts/type1/public/amsfonts/cm/cmr8.pfb></
usr/local/texlive/2018/texmf-dist/fonts/type1/public/amsfonts/cm/cmsy10.pfb></u
sr/local/texlive/2018/texmf-dist/fonts/type1/public/amsfonts/cm/cmsy6.pfb></usr
/local/texlive/2018/texmf-dist/fonts/type1/public/amsfonts/cm/cmsy8.pfb></usr/l
ocal/texlive/2018/texmf-dist/fonts/type1/public/amsfonts/cm/cmti12.pfb></usr/lo
cal/texlive/2018/texmf-dist/fonts/type1/public/amsfonts/cm/cmti8.pfb></usr/loca
l/texlive/2018/texmf-dist/fonts/type1/public/amsfonts/cm/cmtt10.pfb></usr/local
/texlive/2018/texmf-dist/fonts/type1/public/amsfonts/cm/cmtt12.pfb></usr/local/
texlive/2018/texmf-dist/fonts/type1/public/amsfonts/symbols/msam10.pfb></usr/lo
cal/texlive/2018/texmf-dist/fonts/type1/public/amsfonts/symbols/msbm10.pfb>
Output written on draft.pdf (71 pages, 1784407 bytes).
PDF statistics:
 391 PDF objects out of 1000 (max. 8388607)
 262 compressed objects within 3 object streams
 0 named destinations out of 1000 (max. 500000)
 46 words of extra memory for PDF output out of 10000 (max. 10000000)

