This is pdfTeX, Version 3.14159265-2.6-1.40.19 (TeX Live 2018) (preloaded format=pdflatex 2018.4.16)  27 OCT 2021 22:01
entering extended mode
 restricted \write18 enabled.
 %&-line parsing enabled.
**outline.tex
(./outline.tex
LaTeX2e <2018-04-01> patch level 2
Babel <3.18> and hyphenation patterns for 84 language(s) loaded.
(/usr/local/texlive/2018/texmf-dist/tex/latex/base/article.cls
Document Class: article 2014/09/29 v1.4h Standard LaTeX document class
(/usr/local/texlive/2018/texmf-dist/tex/latex/base/size12.clo
File: size12.clo 2014/09/29 v1.4h Standard LaTeX file (size option)
)
\c@part=\count80
\c@section=\count81
\c@subsection=\count82
\c@subsubsection=\count83
\c@paragraph=\count84
\c@subparagraph=\count85
\c@figure=\count86
\c@table=\count87
\abovecaptionskip=\skip41
\belowcaptionskip=\skip42
\bibindent=\dimen102
)
(/usr/local/texlive/2018/texmf-dist/tex/latex/amsfonts/amsfonts.sty
Package: amsfonts 2013/01/14 v3.01 Basic AMSFonts support
\@emptytoks=\toks14
\symAMSa=\mathgroup4
\symAMSb=\mathgroup5
LaTeX Font Info:    Overwriting math alphabet `\mathfrak' in version `bold'
(Font)                  U/euf/m/n --> U/euf/b/n on input line 106.
)
(/usr/local/texlive/2018/texmf-dist/tex/latex/amsmath/amsmath.sty
Package: amsmath 2017/09/02 v2.17a AMS math features
\@mathmargin=\skip43

For additional information on amsmath, use the `?' option.
(/usr/local/texlive/2018/texmf-dist/tex/latex/amsmath/amstext.sty
Package: amstext 2000/06/29 v2.01 AMS text

(/usr/local/texlive/2018/texmf-dist/tex/latex/amsmath/amsgen.sty
File: amsgen.sty 1999/11/30 v2.0 generic functions
\@emptytoks=\toks15
\ex@=\dimen103
))
(/usr/local/texlive/2018/texmf-dist/tex/latex/amsmath/amsbsy.sty
Package: amsbsy 1999/11/29 v1.2d Bold Symbols
\pmbraise@=\dimen104
)
(/usr/local/texlive/2018/texmf-dist/tex/latex/amsmath/amsopn.sty
Package: amsopn 2016/03/08 v2.02 operator names
)
\inf@bad=\count88
LaTeX Info: Redefining \frac on input line 213.
\uproot@=\count89
\leftroot@=\count90
LaTeX Info: Redefining \overline on input line 375.
\classnum@=\count91
\DOTSCASE@=\count92
LaTeX Info: Redefining \ldots on input line 472.
LaTeX Info: Redefining \dots on input line 475.
LaTeX Info: Redefining \cdots on input line 596.
\Mathstrutbox@=\box26
\strutbox@=\box27
\big@size=\dimen105
LaTeX Font Info:    Redeclaring font encoding OML on input line 712.
LaTeX Font Info:    Redeclaring font encoding OMS on input line 713.
\macc@depth=\count93
\c@MaxMatrixCols=\count94
\dotsspace@=\muskip10
\c@parentequation=\count95
\dspbrk@lvl=\count96
\tag@help=\toks16
\row@=\count97
\column@=\count98
\maxfields@=\count99
\andhelp@=\toks17
\eqnshift@=\dimen106
\alignsep@=\dimen107
\tagshift@=\dimen108
\tagwidth@=\dimen109
\totwidth@=\dimen110
\lineht@=\dimen111
\@envbody=\toks18
\multlinegap=\skip44
\multlinetaggap=\skip45
\mathdisplay@stack=\toks19
LaTeX Info: Redefining \[ on input line 2817.
LaTeX Info: Redefining \] on input line 2818.
)
(/usr/local/texlive/2018/texmf-dist/tex/latex/graphics/graphicx.sty
Package: graphicx 2017/06/01 v1.1a Enhanced LaTeX Graphics (DPC,SPQR)

(/usr/local/texlive/2018/texmf-dist/tex/latex/graphics/keyval.sty
Package: keyval 2014/10/28 v1.15 key=value parser (DPC)
\KV@toks@=\toks20
)
(/usr/local/texlive/2018/texmf-dist/tex/latex/graphics/graphics.sty
Package: graphics 2017/06/25 v1.2c Standard LaTeX Graphics (DPC,SPQR)

(/usr/local/texlive/2018/texmf-dist/tex/latex/graphics/trig.sty
Package: trig 2016/01/03 v1.10 sin cos tan (DPC)
)
(/usr/local/texlive/2018/texmf-dist/tex/latex/graphics-cfg/graphics.cfg
File: graphics.cfg 2016/06/04 v1.11 sample graphics configuration
)
Package graphics Info: Driver file: pdftex.def on input line 99.

(/usr/local/texlive/2018/texmf-dist/tex/latex/graphics-def/pdftex.def
File: pdftex.def 2018/01/08 v1.0l Graphics/color driver for pdftex
))
\Gin@req@height=\dimen112
\Gin@req@width=\dimen113
)
(/usr/local/texlive/2018/texmf-dist/tex/latex/xcolor/xcolor.sty
Package: xcolor 2016/05/11 v2.12 LaTeX color extensions (UK)

(/usr/local/texlive/2018/texmf-dist/tex/latex/graphics-cfg/color.cfg
File: color.cfg 2016/01/02 v1.6 sample color configuration
)
Package xcolor Info: Driver file: pdftex.def on input line 225.
Package xcolor Info: Model `cmy' substituted by `cmy0' on input line 1348.
Package xcolor Info: Model `hsb' substituted by `rgb' on input line 1352.
Package xcolor Info: Model `RGB' extended on input line 1364.
Package xcolor Info: Model `HTML' substituted by `rgb' on input line 1366.
Package xcolor Info: Model `Hsb' substituted by `hsb' on input line 1367.
Package xcolor Info: Model `tHsb' substituted by `hsb' on input line 1368.
Package xcolor Info: Model `HSB' substituted by `hsb' on input line 1369.
Package xcolor Info: Model `Gray' substituted by `gray' on input line 1370.
Package xcolor Info: Model `wave' substituted by `hsb' on input line 1371.
)
\c@proposition=\count100
\c@lemma=\count101

(/usr/local/texlive/2018/texmf-dist/tex/latex/float/float.sty
Package: float 2001/11/08 v1.3d Float enhancements (AL)
\c@float@type=\count102
\float@exts=\toks21
\float@box=\box28
\@float@everytoks=\toks22
\@floatcapt=\box29
)
(/usr/local/texlive/2018/texmf-dist/tex/latex/subfig/subfig.sty
Package: subfig 2005/06/28 ver: 1.3 subfig package

(/usr/local/texlive/2018/texmf-dist/tex/latex/caption/caption3.sty
Package: caption3 2016/05/22 v1.7-166 caption3 kernel (AR)
Package caption3 Info: TeX engine: e-TeX on input line 67.
\captionmargin=\dimen114
\captionmargin@=\dimen115
\captionwidth=\dimen116
\caption@tempdima=\dimen117
\caption@indent=\dimen118
\caption@parindent=\dimen119
\caption@hangindent=\dimen120
)
\c@KVtest=\count103
\sf@farskip=\skip46
\sf@captopadj=\dimen121
\sf@capskip=\skip47
\sf@nearskip=\skip48
\c@subfigure=\count104
\c@subfigure@save=\count105
\c@lofdepth=\count106
\c@subtable=\count107
\c@subtable@save=\count108
\c@lotdepth=\count109
\sf@top=\skip49
\sf@bottom=\skip50
)
(/Users/timbarry/optionFiles/mymacros.sty) (./outline.aux)
\openout1 = `outline.aux'.

LaTeX Font Info:    Checking defaults for OML/cmm/m/it on input line 15.
LaTeX Font Info:    ... okay on input line 15.
LaTeX Font Info:    Checking defaults for T1/cmr/m/n on input line 15.
LaTeX Font Info:    ... okay on input line 15.
LaTeX Font Info:    Checking defaults for OT1/cmr/m/n on input line 15.
LaTeX Font Info:    ... okay on input line 15.
LaTeX Font Info:    Checking defaults for OMS/cmsy/m/n on input line 15.
LaTeX Font Info:    ... okay on input line 15.
LaTeX Font Info:    Checking defaults for OMX/cmex/m/n on input line 15.
LaTeX Font Info:    ... okay on input line 15.
LaTeX Font Info:    Checking defaults for U/cmr/m/n on input line 15.
LaTeX Font Info:    ... okay on input line 15.

(/usr/local/texlive/2018/texmf-dist/tex/context/base/mkii/supp-pdf.mkii
[Loading MPS to PDF converter (version 2006.09.02).]
\scratchcounter=\count110
\scratchdimen=\dimen122
\scratchbox=\box30
\nofMPsegments=\count111
\nofMParguments=\count112
\everyMPshowfont=\toks23
\MPscratchCnt=\count113
\MPscratchDim=\dimen123
\MPnumerator=\count114
\makeMPintoPDFobject=\count115
\everyMPtoPDFconversion=\toks24
) (/usr/local/texlive/2018/texmf-dist/tex/latex/oberdiek/epstopdf-base.sty
Package: epstopdf-base 2016/05/15 v2.6 Base part for package epstopdf

(/usr/local/texlive/2018/texmf-dist/tex/generic/oberdiek/infwarerr.sty
Package: infwarerr 2016/05/16 v1.4 Providing info/warning/error messages (HO)
)
(/usr/local/texlive/2018/texmf-dist/tex/latex/oberdiek/grfext.sty
Package: grfext 2016/05/16 v1.2 Manage graphics extensions (HO)

(/usr/local/texlive/2018/texmf-dist/tex/generic/oberdiek/kvdefinekeys.sty
Package: kvdefinekeys 2016/05/16 v1.4 Define keys (HO)

(/usr/local/texlive/2018/texmf-dist/tex/generic/oberdiek/ltxcmds.sty
Package: ltxcmds 2016/05/16 v1.23 LaTeX kernel commands for general use (HO)
)))
(/usr/local/texlive/2018/texmf-dist/tex/latex/oberdiek/kvoptions.sty
Package: kvoptions 2016/05/16 v3.12 Key value format for package options (HO)

(/usr/local/texlive/2018/texmf-dist/tex/generic/oberdiek/kvsetkeys.sty
Package: kvsetkeys 2016/05/16 v1.17 Key value parser (HO)

(/usr/local/texlive/2018/texmf-dist/tex/generic/oberdiek/etexcmds.sty
Package: etexcmds 2016/05/16 v1.6 Avoid name clashes with e-TeX commands (HO)

(/usr/local/texlive/2018/texmf-dist/tex/generic/oberdiek/ifluatex.sty
Package: ifluatex 2016/05/16 v1.4 Provides the ifluatex switch (HO)
Package ifluatex Info: LuaTeX not detected.
)
Package etexcmds Info: Could not find \expanded.
(etexcmds)             That can mean that you are not using pdfTeX 1.50 or
(etexcmds)             that some package has redefined \expanded.
(etexcmds)             In the latter case, load this package earlier.
)))
(/usr/local/texlive/2018/texmf-dist/tex/generic/oberdiek/pdftexcmds.sty
Package: pdftexcmds 2018/01/30 v0.27 Utility functions of pdfTeX for LuaTeX (HO
)

(/usr/local/texlive/2018/texmf-dist/tex/generic/oberdiek/ifpdf.sty
Package: ifpdf 2017/03/15 v3.2 Provides the ifpdf switch
)
Package pdftexcmds Info: LuaTeX not detected.
Package pdftexcmds Info: \pdf@primitive is available.
Package pdftexcmds Info: \pdf@ifprimitive is available.
Package pdftexcmds Info: \pdfdraftmode found.
)
Package epstopdf-base Info: Redefining graphics rule for `.eps' on input line 4
38.
Package grfext Info: Graphics extension search list:
(grfext)             [.pdf,.png,.jpg,.mps,.jpeg,.jbig2,.jb2,.PDF,.PNG,.JPG,.JPE
G,.JBIG2,.JB2,.eps]
(grfext)             \AppendGraphicsExtensions on input line 456.

(/usr/local/texlive/2018/texmf-dist/tex/latex/latexconfig/epstopdf-sys.cfg
File: epstopdf-sys.cfg 2010/07/13 v1.3 Configuration of (r)epstopdf for TeX Liv
e
))
Package caption Info: Begin \AtBeginDocument code.
Package caption Info: subfig package v1.3 is loaded.
Package caption Info: End \AtBeginDocument code.

(./outline.toc
LaTeX Font Info:    Try loading font information for U+msa on input line 3.
 (/usr/local/texlive/2018/texmf-dist/tex/latex/amsfonts/umsa.fd
File: umsa.fd 2013/01/14 v3.01 AMS symbols A
)
LaTeX Font Info:    Try loading font information for U+msb on input line 3.

(/usr/local/texlive/2018/texmf-dist/tex/latex/amsfonts/umsb.fd
File: umsb.fd 2013/01/14 v3.01 AMS symbols B
) [1

{/usr/local/texlive/2018/texmf-var/fonts/map/pdftex/updmap/pdftex.map}])
\tf@toc=\write3
\openout3 = `outline.toc'.

 [2] [3] [4]
[5]
<../../figures/analysis_challenges/plot.pdf, id=25, 1264.725pt x 881.69403pt>
File: ../../figures/analysis_challenges/plot.pdf Graphic file (type pdf)
<use ../../figures/analysis_challenges/plot.pdf>
Package pdftex.def Info: ../../figures/analysis_challenges/plot.pdf  used on in
put line 68.
(pdftex.def)             Requested size: 390.0pt x 271.8828pt.


LaTeX Warning: `!h' float specifier changed to `!ht'.

[6]

LaTeX Warning: Text page 7 contains only floats.

[7 <../../figures/analysis_challenges/plot.pdf>] [8]
<../../figures/thresholding_empirical/plot.jpeg, id=70, 1806.75pt x 1806.75pt>
File: ../../figures/thresholding_empirical/plot.jpeg Graphic file (type jpg)
<use ../../figures/thresholding_empirical/plot.jpeg>
Package pdftex.def Info: ../../figures/thresholding_empirical/plot.jpeg  used o
n input line 106.
(pdftex.def)             Requested size: 390.0pt x 389.98753pt.


LaTeX Warning: `!h' float specifier changed to `!ht'.

[9]

LaTeX Warning: Text page 10 contains only floats.

[10 <../../figures/thresholding_empirical/plot.jpeg>] [11]
LaTeX Font Info:    Try loading font information for OMS+cmr on input line 157.


(/usr/local/texlive/2018/texmf-dist/tex/latex/base/omscmr.fd
File: omscmr.fd 2014/09/29 v2.5h Standard LaTeX font definitions
)
LaTeX Font Info:    Font shape `OMS/cmr/m/n' in size <12> not available
(Font)              Font shape `OMS/cmsy/m/n' tried instead on input line 157.
 [12] [13]
<../../figures/thresholding_theoretical/plot.jpeg, id=88, 2023.56pt x 1349.04pt
>
File: ../../figures/thresholding_theoretical/plot.jpeg Graphic file (type jpg)
<use ../../figures/thresholding_theoretical/plot.jpeg>
Package pdftex.def Info: ../../figures/thresholding_theoretical/plot.jpeg  used
 on input line 199.
(pdftex.def)             Requested size: 390.0pt x 259.98433pt.


LaTeX Warning: `!h' float specifier changed to `!ht'.

[14] [15 <../../figures/thresholding_theoretical/plot.jpeg>] [16] [17] [18]
Overfull \hbox (10.54257pt too wide) in paragraph at lines 307--308
[]\OT1/cmr/m/n/12 Variance of $[]$: Be-cause $[]$ is bi-nary, we have that $\U/
msb/m/n/12 V\OT1/cmr/m/n/12 [[]] = \U/msb/m/n/12 E\OT1/cmr/m/n/12 [[]] [] \OML/
cmm/m/it/12 :$ 
 []


Overfull \hbox (9.02336pt too wide) detected at line 311
 []$[]  [] [] \OT1/cmr/m/n/12 = \U/msb/m/n/12 E [] \OMS/cmsy/m/n/12 ^^@ \U/msb/
m/n/12 E\OT1/cmr/m/n/12 [[]]\U/msb/m/n/12 E\OT1/cmr/m/n/12 [\OML/cmm/m/it/12 m[
]\OT1/cmr/m/n/12 ] = \OML/cmm/m/it/12 ^^L[]\U/msb/m/n/12 E\OT1/cmr/m/n/12 [[]] 
+ \OML/cmm/m/it/12 ^^L[]!^^Y \OMS/cmsy/m/n/12 ^^@ \U/msb/m/n/12 E\OT1/cmr/m/n/1
2 [[]](\OML/cmm/m/it/12 ^^L[] \OT1/cmr/m/n/12 + \OML/cmm/m/it/12 ^^L[]^^Y\OT1/c
mr/m/n/12 )$ 
 []

[19]
Overfull \hbox (13.98291pt too wide) detected at line 320
 []$[]  \OT1/cmr/m/n/12 1 \OMS/cmsy/m/n/12 ^^@ \U/msb/m/n/12 E [] \OT1/cmr/m/n/
12 = (1 \OMS/cmsy/m/n/12 ^^@ \OML/cmm/m/it/12 ^^Y\OT1/cmr/m/n/12 ) + \OML/cmm/m
/it/12 ^^Y \OMS/cmsy/m/n/12 ^^@ \U/msb/m/n/12 E\OT1/cmr/m/n/12 [[]] = (1 \OMS/c
msy/m/n/12 ^^@ \OML/cmm/m/it/12 ^^Y\OT1/cmr/m/n/12 ) [] + \OML/cmm/m/it/12 ^^Y 
[]$ 
 []


Overfull \hbox (24.52757pt too wide) detected at line 331
 []$[] \OT1/cmr/m/n/12 = []\OML/cmm/m/it/12 :$ []  
 []

[20]
Overfull \hbox (14.51805pt too wide) in paragraph at lines 356--356
\OT1/cmr/m/n/12 Assume (with-out loss of gen-er-al-ity) that $\OML/cmm/m/it/12 
^^L[] > \OT1/cmr/m/n/12 0$. We com-pute $[][] \OML/cmm/m/it/12 ^^M\OT1/cmr/m/n/
12 (\OML/cmm/m/it/12 ^^L[]; c; ^^Y\OT1/cmr/m/n/12 )$.
 []

[21] [22]
Overfull \hbox (30.99063pt too wide) detected at line 385
\OML/cmm/m/it/12 D[]^^M\OT1/cmr/m/n/12 (\OML/cmm/m/it/12 ^^L[]; c; \OT1/cmr/m/n
/12 1\OML/cmm/m/it/12 =\OT1/cmr/m/n/12 2)[]  = []\OML/cmm/m/it/12 :
 []

[23]
Overfull \hbox (13.01672pt too wide) in paragraph at lines 399--399
[]\OT1/cmr/bx/n/12 Comparing Bayes-optimal de-ci-sion bound-ary and large thres
h-
 []


Overfull \hbox (25.92137pt too wide) detected at line 404
 []$[]  \OML/cmm/m/it/12 r\OT1/cmr/m/n/12 (\OML/cmm/m/it/12 ^^L[]\OT1/cmr/m/n/1
2 ) = \OML/cmm/m/it/12 ^^M\OT1/cmr/m/n/12 (\OML/cmm/m/it/12 ^^L[]; ^^L[] \OT1/c
mr/m/n/12 + (1\OML/cmm/m/it/12 =\OT1/cmr/m/n/12 2)\OML/cmm/m/it/12 ^^L[]; \OT1/
cmr/m/n/12 1\OML/cmm/m/it/12 =\OT1/cmr/m/n/12 2) = []$ 
 []


Overfull \hbox (34.26216pt too wide) detected at line 404
 []$[] \OT1/cmr/m/n/12 = [] = 2 [][] \OML/cmm/m/it/12 f \OT1/cmr/m/n/12 = 2^^H(
\OML/cmm/m/it/12 ^^L[]=\OT1/cmr/m/n/12 2) \OMS/cmsy/m/n/12 ^^@ \OT1/cmr/m/n/12 
1\OML/cmm/m/it/12 :  $ 
 []


Overfull \hbox (5.8459pt too wide) in paragraph at lines 409--409
\OT1/cmr/m/n/12 we have that $\OML/cmm/m/it/12 b\OT1/cmr/m/n/12 (\OML/cmm/m/it/
12 ^^L[]; c[]; \OT1/cmr/m/n/12 1\OML/cmm/m/it/12 =\OT1/cmr/m/n/12 2) \OML/cmm/m
/it/12 > \OT1/cmr/m/n/12 1\OML/cmm/m/it/12 =\OT1/cmr/m/n/12 2$ for $\OML/cmm/m/
it/12 ^^L[] < \OT1/cmr/m/n/12 2^^H[](3\OML/cmm/m/it/12 =\OT1/cmr/m/n/12 4)$ and
 $\OML/cmm/m/it/12 b\OT1/cmr/m/n/12 (\OML/cmm/m/it/12 ^^L[]; c[]; \OT1/cmr/m/n/
12 1\OML/cmm/m/it/12 =\OT1/cmr/m/n/12 2) \OML/cmm/m/it/12 <
 []

[24] [25]
Overfull \hbox (2.58003pt too wide) detected at line 461
 []$[] \OMS/cmsy/m/n/12 ^^@ [][][][]\OML/cmm/m/it/12 :$ []  
 []

[26]
Overfull \hbox (3.25394pt too wide) detected at line 493
 []$[]   [] \OML/cmm/m/it/12 ^^M\OT1/cmr/m/n/12 (\OML/cmm/m/it/12 ^^L[]; c; \OT
1/cmr/m/n/12 1\OML/cmm/m/it/12 =\OT1/cmr/m/n/12 2) = [] = [] \OML/cmm/m/it/12 >
 \OMS/cmsy/m/n/12 ^^@\OT1/cmr/m/n/12 1\OML/cmm/m/it/12 :  $ 
 []

[27]
Overfull \hbox (9.38pt too wide) detected at line 530
 []$[] \OT1/cmr/m/n/12 = \U/msb/m/n/12 E [] \OT1/cmr/m/n/12 = \OML/cmm/m/it/12 
^^L[]\U/msb/m/n/12 E\OT1/cmr/m/n/12 [[]\OML/cmm/m/it/12 p[]\OT1/cmr/m/n/12 ] + 
2\OML/cmm/m/it/12 ^^L[]\U/msb/m/n/12 E\OT1/cmr/m/n/12 [\OML/cmm/m/it/12 p[][]\O
T1/cmr/m/n/12 ]\U/msb/m/n/12 E\OT1/cmr/m/n/12 [\OML/cmm/m/it/12 ^^O[]\OT1/cmr/m
/n/12 ] + \U/msb/m/n/12 E\OT1/cmr/m/n/12 [[]]\U/msb/m/n/12 E\OT1/cmr/m/n/12 [\O
ML/cmm/m/it/12 ^^O[]\OT1/cmr/m/n/12 ]$ 
 []

[28] [29] (./outline.bbl [30] [31]
Underfull \hbox (badness 2103) in paragraph at lines 128--133
\OT1/cmr/m/n/12 screen-ing with com-bi-na-to-rial flu-idic in-dex-ing.  \OT1/cm
r/m/it/12 Na-ture Meth-ods\OT1/cmr/m/n/12 ,
 []

) [32] (./outline.aux) ) 
Here is how much of TeX's memory you used:
 3551 strings out of 492649
 51289 string characters out of 6129622
 127323 words of memory out of 5000000
 7369 multiletter control sequences out of 15000+600000
 11459 words of font info for 42 fonts, out of 8000000 for 9000
 1141 hyphenation exceptions out of 8191
 41i,12n,38p,1598b,234s stack positions out of 5000i,500n,10000p,200000b,80000s
</usr/local/texlive/2018/texmf-dist/fonts/type1/public/
amsfonts/cm/cmbx10.pfb></usr/local/texlive/2018/texmf-dist/fonts/type1/public/a
msfonts/cm/cmbx12.pfb></usr/local/texlive/2018/texmf-dist/fonts/type1/public/am
sfonts/cm/cmex10.pfb></usr/local/texlive/2018/texmf-dist/fonts/type1/public/ams
fonts/cm/cmmi12.pfb></usr/local/texlive/2018/texmf-dist/fonts/type1/public/amsf
onts/cm/cmmi6.pfb></usr/local/texlive/2018/texmf-dist/fonts/type1/public/amsfon
ts/cm/cmmi8.pfb></usr/local/texlive/2018/texmf-dist/fonts/type1/public/amsfonts
/cm/cmr10.pfb></usr/local/texlive/2018/texmf-dist/fonts/type1/public/amsfonts/c
m/cmr12.pfb></usr/local/texlive/2018/texmf-dist/fonts/type1/public/amsfonts/cm/
cmr6.pfb></usr/local/texlive/2018/texmf-dist/fonts/type1/public/amsfonts/cm/cmr
8.pfb></usr/local/texlive/2018/texmf-dist/fonts/type1/public/amsfonts/cm/cmsy10
.pfb></usr/local/texlive/2018/texmf-dist/fonts/type1/public/amsfonts/cm/cmsy8.p
fb></usr/local/texlive/2018/texmf-dist/fonts/type1/public/amsfonts/cm/cmti12.pf
b></usr/local/texlive/2018/texmf-dist/fonts/type1/public/amsfonts/cm/cmti8.pfb>
</usr/local/texlive/2018/texmf-dist/fonts/type1/public/amsfonts/symbols/msam10.
pfb></usr/local/texlive/2018/texmf-dist/fonts/type1/public/amsfonts/symbols/msb
m10.pfb>
Output written on outline.pdf (32 pages, 887281 bytes).
PDF statistics:
 204 PDF objects out of 1000 (max. 8388607)
 138 compressed objects within 2 object streams
 0 named destinations out of 1000 (max. 500000)
 16 words of extra memory for PDF output out of 10000 (max. 10000000)

